2025-06-22 11:24:53 error: uncaughtException: Reflect.getMetadata is not a function
TypeError: Reflect.getMetadata is not a function
    at C:\Users\megha\OneDrive\Documents\projects\mmv\mmv_freelance\backend\node_modules\src\decorators\type.decorator.ts:15:44
    at __decorate (C:\Users\megha\OneDrive\Documents\projects\mmv\mmv_freelance\backend\src\dtos\projectstask.dto.ts:5:110)
    at Object.<anonymous> (C:\Users\megha\OneDrive\Documents\projects\mmv\mmv_freelance\backend\src\dtos\projectstask.dto.ts:40:5)
    at Module._compile (node:internal/modules/cjs/loader:1730:14)
    at Module.m._compile (C:\Users\megha\OneDrive\Documents\projects\mmv\mmv_freelance\backend\node_modules\ts-node\src\index.ts:1618:23)
    at node:internal/modules/cjs/loader:1895:10
    at Object.require.extensions.<computed> [as .ts] (C:\Users\megha\OneDrive\Documents\projects\mmv\mmv_freelance\backend\node_modules\ts-node\src\index.ts:1621:12)
    at Module.load (node:internal/modules/cjs/loader:1465:32)
    at Function._load (node:internal/modules/cjs/loader:1282:12)
    at TracingChannel.traceSync (node:diagnostics_channel:322:14)
2025-06-22 11:35:28 error: uncaughtException: Reflect.getMetadata is not a function
TypeError: Reflect.getMetadata is not a function
    at C:\Users\megha\OneDrive\Documents\projects\mmv\mmv_freelance\backend\node_modules\src\decorators\type.decorator.ts:15:44
    at __decorate (C:\Users\megha\OneDrive\Documents\projects\mmv\mmv_freelance\backend\src\dtos\projectstask.dto.ts:5:110)
    at Object.<anonymous> (C:\Users\megha\OneDrive\Documents\projects\mmv\mmv_freelance\backend\src\dtos\projectstask.dto.ts:40:5)
    at Module._compile (node:internal/modules/cjs/loader:1730:14)
    at Module.m._compile (C:\Users\megha\OneDrive\Documents\projects\mmv\mmv_freelance\backend\node_modules\ts-node\src\index.ts:1618:23)
    at node:internal/modules/cjs/loader:1895:10
    at Object.require.extensions.<computed> [as .ts] (C:\Users\megha\OneDrive\Documents\projects\mmv\mmv_freelance\backend\node_modules\ts-node\src\index.ts:1621:12)
    at Module.load (node:internal/modules/cjs/loader:1465:32)
    at Function._load (node:internal/modules/cjs/loader:1282:12)
    at TracingChannel.traceSync (node:diagnostics_channel:322:14)
2025-06-22 11:35:30 error: uncaughtException: Reflect.getMetadata is not a function
TypeError: Reflect.getMetadata is not a function
    at C:\Users\megha\OneDrive\Documents\projects\mmv\mmv_freelance\backend\node_modules\src\decorators\type.decorator.ts:15:44
    at __decorate (C:\Users\megha\OneDrive\Documents\projects\mmv\mmv_freelance\backend\src\dtos\projectstask.dto.ts:5:110)
    at Object.<anonymous> (C:\Users\megha\OneDrive\Documents\projects\mmv\mmv_freelance\backend\src\dtos\projectstask.dto.ts:40:5)
    at Module._compile (node:internal/modules/cjs/loader:1730:14)
    at Module.m._compile (C:\Users\megha\OneDrive\Documents\projects\mmv\mmv_freelance\backend\node_modules\ts-node\src\index.ts:1618:23)
    at node:internal/modules/cjs/loader:1895:10
    at Object.require.extensions.<computed> [as .ts] (C:\Users\megha\OneDrive\Documents\projects\mmv\mmv_freelance\backend\node_modules\ts-node\src\index.ts:1621:12)
    at Module.load (node:internal/modules/cjs/loader:1465:32)
    at Function._load (node:internal/modules/cjs/loader:1282:12)
    at TracingChannel.traceSync (node:diagnostics_channel:322:14)
2025-06-22 11:35:35 error: uncaughtException: Reflect.getMetadata is not a function
TypeError: Reflect.getMetadata is not a function
    at C:\Users\megha\OneDrive\Documents\projects\mmv\mmv_freelance\backend\node_modules\src\decorators\type.decorator.ts:15:44
    at __decorate (C:\Users\megha\OneDrive\Documents\projects\mmv\mmv_freelance\backend\src\dtos\projectstask.dto.ts:5:110)
    at Object.<anonymous> (C:\Users\megha\OneDrive\Documents\projects\mmv\mmv_freelance\backend\src\dtos\projectstask.dto.ts:40:5)
    at Module._compile (node:internal/modules/cjs/loader:1730:14)
    at Module.m._compile (C:\Users\megha\OneDrive\Documents\projects\mmv\mmv_freelance\backend\node_modules\ts-node\src\index.ts:1618:23)
    at node:internal/modules/cjs/loader:1895:10
    at Object.require.extensions.<computed> [as .ts] (C:\Users\megha\OneDrive\Documents\projects\mmv\mmv_freelance\backend\node_modules\ts-node\src\index.ts:1621:12)
    at Module.load (node:internal/modules/cjs/loader:1465:32)
    at Function._load (node:internal/modules/cjs/loader:1282:12)
    at TracingChannel.traceSync (node:diagnostics_channel:322:14)
2025-06-22 11:35:41 error: uncaughtException: Reflect.getMetadata is not a function
TypeError: Reflect.getMetadata is not a function
    at C:\Users\megha\OneDrive\Documents\projects\mmv\mmv_freelance\backend\node_modules\src\decorators\type.decorator.ts:15:44
    at __decorate (C:\Users\megha\OneDrive\Documents\projects\mmv\mmv_freelance\backend\src\dtos\projectstask.dto.ts:5:110)
    at Object.<anonymous> (C:\Users\megha\OneDrive\Documents\projects\mmv\mmv_freelance\backend\src\dtos\projectstask.dto.ts:40:5)
    at Module._compile (node:internal/modules/cjs/loader:1730:14)
    at Module.m._compile (C:\Users\megha\OneDrive\Documents\projects\mmv\mmv_freelance\backend\node_modules\ts-node\src\index.ts:1618:23)
    at node:internal/modules/cjs/loader:1895:10
    at Object.require.extensions.<computed> [as .ts] (C:\Users\megha\OneDrive\Documents\projects\mmv\mmv_freelance\backend\node_modules\ts-node\src\index.ts:1621:12)
    at Module.load (node:internal/modules/cjs/loader:1465:32)
    at Function._load (node:internal/modules/cjs/loader:1282:12)
    at TracingChannel.traceSync (node:diagnostics_channel:322:14)
2025-06-22 11:42:46 error: uncaughtException: Reflect.getMetadata is not a function
TypeError: Reflect.getMetadata is not a function
    at C:\Users\megha\OneDrive\Documents\projects\mmv\mmv_freelance\backend\node_modules\src\decorators\type.decorator.ts:15:44
    at __decorate (C:\Users\megha\OneDrive\Documents\projects\mmv\mmv_freelance\backend\src\dtos\projectstask.dto.ts:5:110)
    at Object.<anonymous> (C:\Users\megha\OneDrive\Documents\projects\mmv\mmv_freelance\backend\src\dtos\projectstask.dto.ts:40:5)
    at Module._compile (node:internal/modules/cjs/loader:1730:14)
    at Module.m._compile (C:\Users\megha\OneDrive\Documents\projects\mmv\mmv_freelance\backend\node_modules\ts-node\src\index.ts:1618:23)
    at node:internal/modules/cjs/loader:1895:10
    at Object.require.extensions.<computed> [as .ts] (C:\Users\megha\OneDrive\Documents\projects\mmv\mmv_freelance\backend\node_modules\ts-node\src\index.ts:1621:12)
    at Module.load (node:internal/modules/cjs/loader:1465:32)
    at Function._load (node:internal/modules/cjs/loader:1282:12)
    at TracingChannel.traceSync (node:diagnostics_channel:322:14)
2025-06-22 11:42:57 error: uncaughtException: Cannot find module './routes/users.route'
Require stack:
- C:\Users\megha\OneDrive\Documents\projects\mmv\mmv_freelance\backend\src\server.ts
Error: Cannot find module './routes/users.route'
Require stack:
- C:\Users\megha\OneDrive\Documents\projects\mmv\mmv_freelance\backend\src\server.ts
    at Function.<anonymous> (node:internal/modules/cjs/loader:1401:15)
    at Function.Module._resolveFilename.sharedData.moduleResolveFilenameHook.installedValue [as _resolveFilename] (C:\Users\megha\OneDrive\Documents\projects\mmv\mmv_freelance\backend\node_modules\@cspotcode\source-map-support\source-map-support.js:811:30)
    at defaultResolveImpl (node:internal/modules/cjs/loader:1057:19)
    at resolveForCJSWithHooks (node:internal/modules/cjs/loader:1062:22)
    at Function._load (node:internal/modules/cjs/loader:1211:37)
    at TracingChannel.traceSync (node:diagnostics_channel:322:14)
    at wrapModuleLoad (node:internal/modules/cjs/loader:235:24)
    at Module.require (node:internal/modules/cjs/loader:1487:12)
    at require (node:internal/modules/helpers:135:16)
    at Object.<anonymous> (C:\Users\megha\OneDrive\Documents\projects\mmv\mmv_freelance\backend\src\server.ts:3:1)
2025-06-22 11:43:15 error: uncaughtException: EMPLOYEE_TABLE is not defined
ReferenceError: EMPLOYEE_TABLE is not defined
    at Object.<anonymous> (C:\Users\megha\OneDrive\Documents\projects\mmv\mmv_freelance\backend\src\database\index.schema.ts:32:3)
    at Module._compile (node:internal/modules/cjs/loader:1730:14)
    at Module.m._compile (C:\Users\megha\OneDrive\Documents\projects\mmv\mmv_freelance\backend\node_modules\ts-node\src\index.ts:1618:23)
    at node:internal/modules/cjs/loader:1895:10
    at Object.require.extensions.<computed> [as .ts] (C:\Users\megha\OneDrive\Documents\projects\mmv\mmv_freelance\backend\node_modules\ts-node\src\index.ts:1621:12)
    at Module.load (node:internal/modules/cjs/loader:1465:32)
    at Function._load (node:internal/modules/cjs/loader:1282:12)
    at TracingChannel.traceSync (node:diagnostics_channel:322:14)
    at wrapModuleLoad (node:internal/modules/cjs/loader:235:24)
    at Module.require (node:internal/modules/cjs/loader:1487:12)
2025-06-22 11:43:24 error: uncaughtException: Cannot find module './routes/users.route'
Require stack:
- C:\Users\megha\OneDrive\Documents\projects\mmv\mmv_freelance\backend\src\server.ts
Error: Cannot find module './routes/users.route'
Require stack:
- C:\Users\megha\OneDrive\Documents\projects\mmv\mmv_freelance\backend\src\server.ts
    at Function.<anonymous> (node:internal/modules/cjs/loader:1401:15)
    at Function.Module._resolveFilename.sharedData.moduleResolveFilenameHook.installedValue [as _resolveFilename] (C:\Users\megha\OneDrive\Documents\projects\mmv\mmv_freelance\backend\node_modules\@cspotcode\source-map-support\source-map-support.js:811:30)
    at defaultResolveImpl (node:internal/modules/cjs/loader:1057:19)
    at resolveForCJSWithHooks (node:internal/modules/cjs/loader:1062:22)
    at Function._load (node:internal/modules/cjs/loader:1211:37)
    at TracingChannel.traceSync (node:diagnostics_channel:322:14)
    at wrapModuleLoad (node:internal/modules/cjs/loader:235:24)
    at Module.require (node:internal/modules/cjs/loader:1487:12)
    at require (node:internal/modules/helpers:135:16)
    at Object.<anonymous> (C:\Users\megha\OneDrive\Documents\projects\mmv\mmv_freelance\backend\src\server.ts:3:1)
2025-06-22 11:43:31 error: uncaughtException: Cannot find module './routes/users.route'
Require stack:
- C:\Users\megha\OneDrive\Documents\projects\mmv\mmv_freelance\backend\src\server.ts
Error: Cannot find module './routes/users.route'
Require stack:
- C:\Users\megha\OneDrive\Documents\projects\mmv\mmv_freelance\backend\src\server.ts
    at Function.<anonymous> (node:internal/modules/cjs/loader:1401:15)
    at Function.Module._resolveFilename.sharedData.moduleResolveFilenameHook.installedValue [as _resolveFilename] (C:\Users\megha\OneDrive\Documents\projects\mmv\mmv_freelance\backend\node_modules\@cspotcode\source-map-support\source-map-support.js:811:30)
    at defaultResolveImpl (node:internal/modules/cjs/loader:1057:19)
    at resolveForCJSWithHooks (node:internal/modules/cjs/loader:1062:22)
    at Function._load (node:internal/modules/cjs/loader:1211:37)
    at TracingChannel.traceSync (node:diagnostics_channel:322:14)
    at wrapModuleLoad (node:internal/modules/cjs/loader:235:24)
    at Module.require (node:internal/modules/cjs/loader:1487:12)
    at require (node:internal/modules/helpers:135:16)
    at Object.<anonymous> (C:\Users\megha\OneDrive\Documents\projects\mmv\mmv_freelance\backend\src\server.ts:3:1)
2025-06-22 11:43:57 error: uncaughtException: тип Unable to compile TypeScript:
[96msrc/database/users.schema.ts[0m:[93m13[0m:[93m44[0m - [91merror[0m[90m TS1003: [0mIdentifier expected.

[7m13[0m         console.log('Seediimport DB from './index.schema';
[7m  [0m [91m                                           ~[0m
[96msrc/database/users.schema.ts[0m:[93m13[0m:[93m57[0m - [91merror[0m[90m TS1005: [0m',' expected.

[7m13[0m         console.log('Seediimport DB from './index.schema';
[7m  [0m [91m                                                        ~~[0m
[96msrc/database/users.schema.ts[0m:[93m13[0m:[93m59[0m - [91merror[0m[90m TS1002: [0mUnterminated string literal.

[7m13[0m         console.log('Seediimport DB from './index.schema';
[7m  [0m [91m                                                          [0m
[96msrc/database/users.schema.ts[0m:[93m15[0m:[93m1[0m - [91merror[0m[90m TS1005: [0m',' expected.

[7m15[0m export const USERS_TABLE = 'users';
[7m  [0m [91m~~~~~~[0m
[96msrc/database/users.schema.ts[0m:[93m81[0m:[93m1[0m - [91merror[0m[90m TS1434: [0mUnexpected keyword or identifier.

[7m81[0m ng Tables');
[7m  [0m [91m~~[0m
[96msrc/database/users.schema.ts[0m:[93m81[0m:[93m4[0m - [91merror[0m[90m TS1434: [0mUnexpected keyword or identifier.

[7m81[0m ng Tables');
[7m  [0m [91m   ~~~~~~[0m
[96msrc/database/users.schema.ts[0m:[93m81[0m:[93m13[0m - [91merror[0m[90m TS1002: [0mUnterminated string literal.

[7m81[0m ng Tables');
[7m  [0m [91m            [0m

TSError: тип Unable to compile TypeScript:
[96msrc/database/users.schema.ts[0m:[93m13[0m:[93m44[0m - [91merror[0m[90m TS1003: [0mIdentifier expected.

[7m13[0m         console.log('Seediimport DB from './index.schema';
[7m  [0m [91m                                           ~[0m
[96msrc/database/users.schema.ts[0m:[93m13[0m:[93m57[0m - [91merror[0m[90m TS1005: [0m',' expected.

[7m13[0m         console.log('Seediimport DB from './index.schema';
[7m  [0m [91m                                                        ~~[0m
[96msrc/database/users.schema.ts[0m:[93m13[0m:[93m59[0m - [91merror[0m[90m TS1002: [0mUnterminated string literal.

[7m13[0m         console.log('Seediimport DB from './index.schema';
[7m  [0m [91m                                                          [0m
[96msrc/database/users.schema.ts[0m:[93m15[0m:[93m1[0m - [91merror[0m[90m TS1005: [0m',' expected.

[7m15[0m export const USERS_TABLE = 'users';
[7m  [0m [91m~~~~~~[0m
[96msrc/database/users.schema.ts[0m:[93m81[0m:[93m1[0m - [91merror[0m[90m TS1434: [0mUnexpected keyword or identifier.

[7m81[0m ng Tables');
[7m  [0m [91m~~[0m
[96msrc/database/users.schema.ts[0m:[93m81[0m:[93m4[0m - [91merror[0m[90m TS1434: [0mUnexpected keyword or identifier.

[7m81[0m ng Tables');
[7m  [0m [91m   ~~~~~~[0m
[96msrc/database/users.schema.ts[0m:[93m81[0m:[93m13[0m - [91merror[0m[90m TS1002: [0mUnterminated string literal.

[7m81[0m ng Tables');
[7m  [0m [91m            [0m

    at createTSError (C:\Users\megha\OneDrive\Documents\projects\mmv\mmv_freelance\backend\node_modules\ts-node\src\index.ts:859:12)
    at reportTSError (C:\Users\megha\OneDrive\Documents\projects\mmv\mmv_freelance\backend\node_modules\ts-node\src\index.ts:863:19)
    at C:\Users\megha\OneDrive\Documents\projects\mmv\mmv_freelance\backend\node_modules\ts-node\src\index.ts:1379:34
    at Object.compile (C:\Users\megha\OneDrive\Documents\projects\mmv\mmv_freelance\backend\node_modules\ts-node\src\index.ts:1458:13)
    at Module.m._compile (C:\Users\megha\OneDrive\Documents\projects\mmv\mmv_freelance\backend\node_modules\ts-node\src\index.ts:1617:30)
    at node:internal/modules/cjs/loader:1895:10
    at Object.require.extensions.<computed> [as .ts] (C:\Users\megha\OneDrive\Documents\projects\mmv\mmv_freelance\backend\node_modules\ts-node\src\index.ts:1621:12)
    at Module.load (node:internal/modules/cjs/loader:1465:32)
    at Function._load (node:internal/modules/cjs/loader:1282:12)
    at TracingChannel.traceSync (node:diagnostics_channel:322:14)
2025-06-22 11:44:01 error: uncaughtException: Cannot find module './routes/users.route'
Require stack:
- C:\Users\megha\OneDrive\Documents\projects\mmv\mmv_freelance\backend\src\server.ts
Error: Cannot find module './routes/users.route'
Require stack:
- C:\Users\megha\OneDrive\Documents\projects\mmv\mmv_freelance\backend\src\server.ts
    at Function.<anonymous> (node:internal/modules/cjs/loader:1401:15)
    at Function.Module._resolveFilename.sharedData.moduleResolveFilenameHook.installedValue [as _resolveFilename] (C:\Users\megha\OneDrive\Documents\projects\mmv\mmv_freelance\backend\node_modules\@cspotcode\source-map-support\source-map-support.js:811:30)
    at defaultResolveImpl (node:internal/modules/cjs/loader:1057:19)
    at resolveForCJSWithHooks (node:internal/modules/cjs/loader:1062:22)
    at Function._load (node:internal/modules/cjs/loader:1211:37)
    at TracingChannel.traceSync (node:diagnostics_channel:322:14)
    at wrapModuleLoad (node:internal/modules/cjs/loader:235:24)
    at Module.require (node:internal/modules/cjs/loader:1487:12)
    at require (node:internal/modules/helpers:135:16)
    at Object.<anonymous> (C:\Users\megha\OneDrive\Documents\projects\mmv\mmv_freelance\backend\src\server.ts:3:1)
2025-06-22 11:44:48 error: uncaughtException: Reflect.getMetadata is not a function
TypeError: Reflect.getMetadata is not a function
    at C:\Users\megha\OneDrive\Documents\projects\mmv\mmv_freelance\backend\node_modules\src\decorators\type.decorator.ts:15:44
    at __decorate (C:\Users\megha\OneDrive\Documents\projects\mmv\mmv_freelance\backend\src\dtos\projectstask.dto.ts:5:110)
    at Object.<anonymous> (C:\Users\megha\OneDrive\Documents\projects\mmv\mmv_freelance\backend\src\dtos\projectstask.dto.ts:40:5)
    at Module._compile (node:internal/modules/cjs/loader:1730:14)
    at Module.m._compile (C:\Users\megha\OneDrive\Documents\projects\mmv\mmv_freelance\backend\node_modules\ts-node\src\index.ts:1618:23)
    at node:internal/modules/cjs/loader:1895:10
    at Object.require.extensions.<computed> [as .ts] (C:\Users\megha\OneDrive\Documents\projects\mmv\mmv_freelance\backend\node_modules\ts-node\src\index.ts:1621:12)
    at Module.load (node:internal/modules/cjs/loader:1465:32)
    at Function._load (node:internal/modules/cjs/loader:1282:12)
    at TracingChannel.traceSync (node:diagnostics_channel:322:14)
2025-06-22 11:45:05 error: uncaughtException: Cannot find module '../controllers/users.controller'
Require stack:
- C:\Users\megha\OneDrive\Documents\projects\mmv\mmv_freelance\backend\src\routes\users.route.ts
- C:\Users\megha\OneDrive\Documents\projects\mmv\mmv_freelance\backend\src\server.ts
Error: Cannot find module '../controllers/users.controller'
Require stack:
- C:\Users\megha\OneDrive\Documents\projects\mmv\mmv_freelance\backend\src\routes\users.route.ts
- C:\Users\megha\OneDrive\Documents\projects\mmv\mmv_freelance\backend\src\server.ts
    at Function.<anonymous> (node:internal/modules/cjs/loader:1401:15)
    at Function.Module._resolveFilename.sharedData.moduleResolveFilenameHook.installedValue [as _resolveFilename] (C:\Users\megha\OneDrive\Documents\projects\mmv\mmv_freelance\backend\node_modules\@cspotcode\source-map-support\source-map-support.js:811:30)
    at defaultResolveImpl (node:internal/modules/cjs/loader:1057:19)
    at resolveForCJSWithHooks (node:internal/modules/cjs/loader:1062:22)
    at Function._load (node:internal/modules/cjs/loader:1211:37)
    at TracingChannel.traceSync (node:diagnostics_channel:322:14)
    at wrapModuleLoad (node:internal/modules/cjs/loader:235:24)
    at Module.require (node:internal/modules/cjs/loader:1487:12)
    at require (node:internal/modules/helpers:135:16)
    at Object.<anonymous> (C:\Users\megha\OneDrive\Documents\projects\mmv\mmv_freelance\backend\src\routes\users.route.ts:5:1)
2025-06-22 11:45:23 error: uncaughtException: Cannot find module '../controllers/users.controller'
Require stack:
- C:\Users\megha\OneDrive\Documents\projects\mmv\mmv_freelance\backend\src\routes\users.route.ts
- C:\Users\megha\OneDrive\Documents\projects\mmv\mmv_freelance\backend\src\server.ts
Error: Cannot find module '../controllers/users.controller'
Require stack:
- C:\Users\megha\OneDrive\Documents\projects\mmv\mmv_freelance\backend\src\routes\users.route.ts
- C:\Users\megha\OneDrive\Documents\projects\mmv\mmv_freelance\backend\src\server.ts
    at Function.<anonymous> (node:internal/modules/cjs/loader:1401:15)
    at Function.Module._resolveFilename.sharedData.moduleResolveFilenameHook.installedValue [as _resolveFilename] (C:\Users\megha\OneDrive\Documents\projects\mmv\mmv_freelance\backend\node_modules\@cspotcode\source-map-support\source-map-support.js:811:30)
    at defaultResolveImpl (node:internal/modules/cjs/loader:1057:19)
    at resolveForCJSWithHooks (node:internal/modules/cjs/loader:1062:22)
    at Function._load (node:internal/modules/cjs/loader:1211:37)
    at TracingChannel.traceSync (node:diagnostics_channel:322:14)
    at wrapModuleLoad (node:internal/modules/cjs/loader:235:24)
    at Module.require (node:internal/modules/cjs/loader:1487:12)
    at require (node:internal/modules/helpers:135:16)
    at Object.<anonymous> (C:\Users\megha\OneDrive\Documents\projects\mmv\mmv_freelance\backend\src\routes\users.route.ts:5:1)
2025-06-22 11:45:24 error: uncaughtException: Cannot find module '../controllers/users.controller'
Require stack:
- C:\Users\megha\OneDrive\Documents\projects\mmv\mmv_freelance\backend\src\routes\users.route.ts
- C:\Users\megha\OneDrive\Documents\projects\mmv\mmv_freelance\backend\src\server.ts
Error: Cannot find module '../controllers/users.controller'
Require stack:
- C:\Users\megha\OneDrive\Documents\projects\mmv\mmv_freelance\backend\src\routes\users.route.ts
- C:\Users\megha\OneDrive\Documents\projects\mmv\mmv_freelance\backend\src\server.ts
    at Function.<anonymous> (node:internal/modules/cjs/loader:1401:15)
    at Function.Module._resolveFilename.sharedData.moduleResolveFilenameHook.installedValue [as _resolveFilename] (C:\Users\megha\OneDrive\Documents\projects\mmv\mmv_freelance\backend\node_modules\@cspotcode\source-map-support\source-map-support.js:811:30)
    at defaultResolveImpl (node:internal/modules/cjs/loader:1057:19)
    at resolveForCJSWithHooks (node:internal/modules/cjs/loader:1062:22)
    at Function._load (node:internal/modules/cjs/loader:1211:37)
    at TracingChannel.traceSync (node:diagnostics_channel:322:14)
    at wrapModuleLoad (node:internal/modules/cjs/loader:235:24)
    at Module.require (node:internal/modules/cjs/loader:1487:12)
    at require (node:internal/modules/helpers:135:16)
    at Object.<anonymous> (C:\Users\megha\OneDrive\Documents\projects\mmv\mmv_freelance\backend\src\routes\users.route.ts:5:1)
2025-06-22 11:45:28 error: uncaughtException: Cannot find module '../controllers/users.controller'
Require stack:
- C:\Users\megha\OneDrive\Documents\projects\mmv\mmv_freelance\backend\src\routes\users.route.ts
- C:\Users\megha\OneDrive\Documents\projects\mmv\mmv_freelance\backend\src\server.ts
Error: Cannot find module '../controllers/users.controller'
Require stack:
- C:\Users\megha\OneDrive\Documents\projects\mmv\mmv_freelance\backend\src\routes\users.route.ts
- C:\Users\megha\OneDrive\Documents\projects\mmv\mmv_freelance\backend\src\server.ts
    at Function.<anonymous> (node:internal/modules/cjs/loader:1401:15)
    at Function.Module._resolveFilename.sharedData.moduleResolveFilenameHook.installedValue [as _resolveFilename] (C:\Users\megha\OneDrive\Documents\projects\mmv\mmv_freelance\backend\node_modules\@cspotcode\source-map-support\source-map-support.js:811:30)
    at defaultResolveImpl (node:internal/modules/cjs/loader:1057:19)
    at resolveForCJSWithHooks (node:internal/modules/cjs/loader:1062:22)
    at Function._load (node:internal/modules/cjs/loader:1211:37)
    at TracingChannel.traceSync (node:diagnostics_channel:322:14)
    at wrapModuleLoad (node:internal/modules/cjs/loader:235:24)
    at Module.require (node:internal/modules/cjs/loader:1487:12)
    at require (node:internal/modules/helpers:135:16)
    at Object.<anonymous> (C:\Users\megha\OneDrive\Documents\projects\mmv\mmv_freelance\backend\src\routes\users.route.ts:5:1)
2025-06-22 11:45:45 error: uncaughtException: Cannot find module '../controllers/users.controller'
Require stack:
- C:\Users\megha\OneDrive\Documents\projects\mmv\mmv_freelance\backend\src\routes\users.route.ts
- C:\Users\megha\OneDrive\Documents\projects\mmv\mmv_freelance\backend\src\server.ts
Error: Cannot find module '../controllers/users.controller'
Require stack:
- C:\Users\megha\OneDrive\Documents\projects\mmv\mmv_freelance\backend\src\routes\users.route.ts
- C:\Users\megha\OneDrive\Documents\projects\mmv\mmv_freelance\backend\src\server.ts
    at Function.<anonymous> (node:internal/modules/cjs/loader:1401:15)
    at Function.Module._resolveFilename.sharedData.moduleResolveFilenameHook.installedValue [as _resolveFilename] (C:\Users\megha\OneDrive\Documents\projects\mmv\mmv_freelance\backend\node_modules\@cspotcode\source-map-support\source-map-support.js:811:30)
    at defaultResolveImpl (node:internal/modules/cjs/loader:1057:19)
    at resolveForCJSWithHooks (node:internal/modules/cjs/loader:1062:22)
    at Function._load (node:internal/modules/cjs/loader:1211:37)
    at TracingChannel.traceSync (node:diagnostics_channel:322:14)
    at wrapModuleLoad (node:internal/modules/cjs/loader:235:24)
    at Module.require (node:internal/modules/cjs/loader:1487:12)
    at require (node:internal/modules/helpers:135:16)
    at Object.<anonymous> (C:\Users\megha\OneDrive\Documents\projects\mmv\mmv_freelance\backend\src\routes\users.route.ts:5:1)
2025-06-22 11:45:53 error: uncaughtException: Cannot find module '../controllers/users.controller'
Require stack:
- C:\Users\megha\OneDrive\Documents\projects\mmv\mmv_freelance\backend\src\routes\users.route.ts
- C:\Users\megha\OneDrive\Documents\projects\mmv\mmv_freelance\backend\src\server.ts
Error: Cannot find module '../controllers/users.controller'
Require stack:
- C:\Users\megha\OneDrive\Documents\projects\mmv\mmv_freelance\backend\src\routes\users.route.ts
- C:\Users\megha\OneDrive\Documents\projects\mmv\mmv_freelance\backend\src\server.ts
    at Function.<anonymous> (node:internal/modules/cjs/loader:1401:15)
    at Function.Module._resolveFilename.sharedData.moduleResolveFilenameHook.installedValue [as _resolveFilename] (C:\Users\megha\OneDrive\Documents\projects\mmv\mmv_freelance\backend\node_modules\@cspotcode\source-map-support\source-map-support.js:811:30)
    at defaultResolveImpl (node:internal/modules/cjs/loader:1057:19)
    at resolveForCJSWithHooks (node:internal/modules/cjs/loader:1062:22)
    at Function._load (node:internal/modules/cjs/loader:1211:37)
    at TracingChannel.traceSync (node:diagnostics_channel:322:14)
    at wrapModuleLoad (node:internal/modules/cjs/loader:235:24)
    at Module.require (node:internal/modules/cjs/loader:1487:12)
    at require (node:internal/modules/helpers:135:16)
    at Object.<anonymous> (C:\Users\megha\OneDrive\Documents\projects\mmv\mmv_freelance\backend\src\routes\users.route.ts:5:1)
2025-06-22 11:46:13 error: uncaughtException: Cannot find module '../controllers/users.controller'
Require stack:
- C:\Users\megha\OneDrive\Documents\projects\mmv\mmv_freelance\backend\src\routes\users.route.ts
- C:\Users\megha\OneDrive\Documents\projects\mmv\mmv_freelance\backend\src\server.ts
Error: Cannot find module '../controllers/users.controller'
Require stack:
- C:\Users\megha\OneDrive\Documents\projects\mmv\mmv_freelance\backend\src\routes\users.route.ts
- C:\Users\megha\OneDrive\Documents\projects\mmv\mmv_freelance\backend\src\server.ts
    at Function.<anonymous> (node:internal/modules/cjs/loader:1401:15)
    at Function.Module._resolveFilename.sharedData.moduleResolveFilenameHook.installedValue [as _resolveFilename] (C:\Users\megha\OneDrive\Documents\projects\mmv\mmv_freelance\backend\node_modules\@cspotcode\source-map-support\source-map-support.js:811:30)
    at defaultResolveImpl (node:internal/modules/cjs/loader:1057:19)
    at resolveForCJSWithHooks (node:internal/modules/cjs/loader:1062:22)
    at Function._load (node:internal/modules/cjs/loader:1211:37)
    at TracingChannel.traceSync (node:diagnostics_channel:322:14)
    at wrapModuleLoad (node:internal/modules/cjs/loader:235:24)
    at Module.require (node:internal/modules/cjs/loader:1487:12)
    at require (node:internal/modules/helpers:135:16)
    at Object.<anonymous> (C:\Users\megha\OneDrive\Documents\projects\mmv\mmv_freelance\backend\src\routes\users.route.ts:5:1)
2025-06-22 11:46:31 error: uncaughtException: Cannot find module '../controllers/users.controller'
Require stack:
- C:\Users\megha\OneDrive\Documents\projects\mmv\mmv_freelance\backend\src\routes\users.route.ts
- C:\Users\megha\OneDrive\Documents\projects\mmv\mmv_freelance\backend\src\server.ts
Error: Cannot find module '../controllers/users.controller'
Require stack:
- C:\Users\megha\OneDrive\Documents\projects\mmv\mmv_freelance\backend\src\routes\users.route.ts
- C:\Users\megha\OneDrive\Documents\projects\mmv\mmv_freelance\backend\src\server.ts
    at Function.<anonymous> (node:internal/modules/cjs/loader:1401:15)
    at Function.Module._resolveFilename.sharedData.moduleResolveFilenameHook.installedValue [as _resolveFilename] (C:\Users\megha\OneDrive\Documents\projects\mmv\mmv_freelance\backend\node_modules\@cspotcode\source-map-support\source-map-support.js:811:30)
    at defaultResolveImpl (node:internal/modules/cjs/loader:1057:19)
    at resolveForCJSWithHooks (node:internal/modules/cjs/loader:1062:22)
    at Function._load (node:internal/modules/cjs/loader:1211:37)
    at TracingChannel.traceSync (node:diagnostics_channel:322:14)
    at wrapModuleLoad (node:internal/modules/cjs/loader:235:24)
    at Module.require (node:internal/modules/cjs/loader:1487:12)
    at require (node:internal/modules/helpers:135:16)
    at Object.<anonymous> (C:\Users\megha\OneDrive\Documents\projects\mmv\mmv_freelance\backend\src\routes\users.route.ts:5:1)
2025-06-22 11:46:37 error: uncaughtException: Cannot find module '../controllers/users.controller'
Require stack:
- C:\Users\megha\OneDrive\Documents\projects\mmv\mmv_freelance\backend\src\routes\users.route.ts
- C:\Users\megha\OneDrive\Documents\projects\mmv\mmv_freelance\backend\src\server.ts
Error: Cannot find module '../controllers/users.controller'
Require stack:
- C:\Users\megha\OneDrive\Documents\projects\mmv\mmv_freelance\backend\src\routes\users.route.ts
- C:\Users\megha\OneDrive\Documents\projects\mmv\mmv_freelance\backend\src\server.ts
    at Function.<anonymous> (node:internal/modules/cjs/loader:1401:15)
    at Function.Module._resolveFilename.sharedData.moduleResolveFilenameHook.installedValue [as _resolveFilename] (C:\Users\megha\OneDrive\Documents\projects\mmv\mmv_freelance\backend\node_modules\@cspotcode\source-map-support\source-map-support.js:811:30)
    at defaultResolveImpl (node:internal/modules/cjs/loader:1057:19)
    at resolveForCJSWithHooks (node:internal/modules/cjs/loader:1062:22)
    at Function._load (node:internal/modules/cjs/loader:1211:37)
    at TracingChannel.traceSync (node:diagnostics_channel:322:14)
    at wrapModuleLoad (node:internal/modules/cjs/loader:235:24)
    at Module.require (node:internal/modules/cjs/loader:1487:12)
    at require (node:internal/modules/helpers:135:16)
    at Object.<anonymous> (C:\Users\megha\OneDrive\Documents\projects\mmv\mmv_freelance\backend\src\routes\users.route.ts:5:1)
2025-06-22 11:46:56 error: uncaughtException: Cannot find module '../controllers/users.controller'
Require stack:
- C:\Users\megha\OneDrive\Documents\projects\mmv\mmv_freelance\backend\src\routes\users.route.ts
- C:\Users\megha\OneDrive\Documents\projects\mmv\mmv_freelance\backend\src\server.ts
Error: Cannot find module '../controllers/users.controller'
Require stack:
- C:\Users\megha\OneDrive\Documents\projects\mmv\mmv_freelance\backend\src\routes\users.route.ts
- C:\Users\megha\OneDrive\Documents\projects\mmv\mmv_freelance\backend\src\server.ts
    at Function.<anonymous> (node:internal/modules/cjs/loader:1401:15)
    at Function.Module._resolveFilename.sharedData.moduleResolveFilenameHook.installedValue [as _resolveFilename] (C:\Users\megha\OneDrive\Documents\projects\mmv\mmv_freelance\backend\node_modules\@cspotcode\source-map-support\source-map-support.js:811:30)
    at defaultResolveImpl (node:internal/modules/cjs/loader:1057:19)
    at resolveForCJSWithHooks (node:internal/modules/cjs/loader:1062:22)
    at Function._load (node:internal/modules/cjs/loader:1211:37)
    at TracingChannel.traceSync (node:diagnostics_channel:322:14)
    at wrapModuleLoad (node:internal/modules/cjs/loader:235:24)
    at Module.require (node:internal/modules/cjs/loader:1487:12)
    at require (node:internal/modules/helpers:135:16)
    at Object.<anonymous> (C:\Users\megha\OneDrive\Documents\projects\mmv\mmv_freelance\backend\src\routes\users.route.ts:5:1)
2025-06-22 11:46:58 error: uncaughtException: Cannot find module '../controllers/users.controller'
Require stack:
- C:\Users\megha\OneDrive\Documents\projects\mmv\mmv_freelance\backend\src\routes\users.route.ts
- C:\Users\megha\OneDrive\Documents\projects\mmv\mmv_freelance\backend\src\server.ts
Error: Cannot find module '../controllers/users.controller'
Require stack:
- C:\Users\megha\OneDrive\Documents\projects\mmv\mmv_freelance\backend\src\routes\users.route.ts
- C:\Users\megha\OneDrive\Documents\projects\mmv\mmv_freelance\backend\src\server.ts
    at Function.<anonymous> (node:internal/modules/cjs/loader:1401:15)
    at Function.Module._resolveFilename.sharedData.moduleResolveFilenameHook.installedValue [as _resolveFilename] (C:\Users\megha\OneDrive\Documents\projects\mmv\mmv_freelance\backend\node_modules\@cspotcode\source-map-support\source-map-support.js:811:30)
    at defaultResolveImpl (node:internal/modules/cjs/loader:1057:19)
    at resolveForCJSWithHooks (node:internal/modules/cjs/loader:1062:22)
    at Function._load (node:internal/modules/cjs/loader:1211:37)
    at TracingChannel.traceSync (node:diagnostics_channel:322:14)
    at wrapModuleLoad (node:internal/modules/cjs/loader:235:24)
    at Module.require (node:internal/modules/cjs/loader:1487:12)
    at require (node:internal/modules/helpers:135:16)
    at Object.<anonymous> (C:\Users\megha\OneDrive\Documents\projects\mmv\mmv_freelance\backend\src\routes\users.route.ts:5:1)
2025-06-22 11:47:39 error: uncaughtException: Cannot find module '../controllers/users.controller'
Require stack:
- C:\Users\megha\OneDrive\Documents\projects\mmv\mmv_freelance\backend\src\routes\users.route.ts
- C:\Users\megha\OneDrive\Documents\projects\mmv\mmv_freelance\backend\src\server.ts
Error: Cannot find module '../controllers/users.controller'
Require stack:
- C:\Users\megha\OneDrive\Documents\projects\mmv\mmv_freelance\backend\src\routes\users.route.ts
- C:\Users\megha\OneDrive\Documents\projects\mmv\mmv_freelance\backend\src\server.ts
    at Function.<anonymous> (node:internal/modules/cjs/loader:1401:15)
    at Function.Module._resolveFilename.sharedData.moduleResolveFilenameHook.installedValue [as _resolveFilename] (C:\Users\megha\OneDrive\Documents\projects\mmv\mmv_freelance\backend\node_modules\@cspotcode\source-map-support\source-map-support.js:811:30)
    at defaultResolveImpl (node:internal/modules/cjs/loader:1057:19)
    at resolveForCJSWithHooks (node:internal/modules/cjs/loader:1062:22)
    at Function._load (node:internal/modules/cjs/loader:1211:37)
    at TracingChannel.traceSync (node:diagnostics_channel:322:14)
    at wrapModuleLoad (node:internal/modules/cjs/loader:235:24)
    at Module.require (node:internal/modules/cjs/loader:1487:12)
    at require (node:internal/modules/helpers:135:16)
    at Object.<anonymous> (C:\Users\megha\OneDrive\Documents\projects\mmv\mmv_freelance\backend\src\routes\users.route.ts:5:1)
2025-06-22 11:47:42 error: uncaughtException: Cannot find module '../controllers/users.controller'
Require stack:
- C:\Users\megha\OneDrive\Documents\projects\mmv\mmv_freelance\backend\src\routes\users.route.ts
- C:\Users\megha\OneDrive\Documents\projects\mmv\mmv_freelance\backend\src\server.ts
Error: Cannot find module '../controllers/users.controller'
Require stack:
- C:\Users\megha\OneDrive\Documents\projects\mmv\mmv_freelance\backend\src\routes\users.route.ts
- C:\Users\megha\OneDrive\Documents\projects\mmv\mmv_freelance\backend\src\server.ts
    at Function.<anonymous> (node:internal/modules/cjs/loader:1401:15)
    at Function.Module._resolveFilename.sharedData.moduleResolveFilenameHook.installedValue [as _resolveFilename] (C:\Users\megha\OneDrive\Documents\projects\mmv\mmv_freelance\backend\node_modules\@cspotcode\source-map-support\source-map-support.js:811:30)
    at defaultResolveImpl (node:internal/modules/cjs/loader:1057:19)
    at resolveForCJSWithHooks (node:internal/modules/cjs/loader:1062:22)
    at Function._load (node:internal/modules/cjs/loader:1211:37)
    at TracingChannel.traceSync (node:diagnostics_channel:322:14)
    at wrapModuleLoad (node:internal/modules/cjs/loader:235:24)
    at Module.require (node:internal/modules/cjs/loader:1487:12)
    at require (node:internal/modules/helpers:135:16)
    at Object.<anonymous> (C:\Users\megha\OneDrive\Documents\projects\mmv\mmv_freelance\backend\src\routes\users.route.ts:5:1)
2025-06-22 11:47:59 error: uncaughtException: Cannot find module '../controllers/users.controller'
Require stack:
- C:\Users\megha\OneDrive\Documents\projects\mmv\mmv_freelance\backend\src\routes\users.route.ts
- C:\Users\megha\OneDrive\Documents\projects\mmv\mmv_freelance\backend\src\server.ts
Error: Cannot find module '../controllers/users.controller'
Require stack:
- C:\Users\megha\OneDrive\Documents\projects\mmv\mmv_freelance\backend\src\routes\users.route.ts
- C:\Users\megha\OneDrive\Documents\projects\mmv\mmv_freelance\backend\src\server.ts
    at Function.<anonymous> (node:internal/modules/cjs/loader:1401:15)
    at Function.Module._resolveFilename.sharedData.moduleResolveFilenameHook.installedValue [as _resolveFilename] (C:\Users\megha\OneDrive\Documents\projects\mmv\mmv_freelance\backend\node_modules\@cspotcode\source-map-support\source-map-support.js:811:30)
    at defaultResolveImpl (node:internal/modules/cjs/loader:1057:19)
    at resolveForCJSWithHooks (node:internal/modules/cjs/loader:1062:22)
    at Function._load (node:internal/modules/cjs/loader:1211:37)
    at TracingChannel.traceSync (node:diagnostics_channel:322:14)
    at wrapModuleLoad (node:internal/modules/cjs/loader:235:24)
    at Module.require (node:internal/modules/cjs/loader:1487:12)
    at require (node:internal/modules/helpers:135:16)
    at Object.<anonymous> (C:\Users\megha\OneDrive\Documents\projects\mmv\mmv_freelance\backend\src\routes\users.route.ts:5:1)
2025-06-22 11:48:01 error: uncaughtException: Cannot find module '../controllers/users.controller'
Require stack:
- C:\Users\megha\OneDrive\Documents\projects\mmv\mmv_freelance\backend\src\routes\users.route.ts
- C:\Users\megha\OneDrive\Documents\projects\mmv\mmv_freelance\backend\src\server.ts
Error: Cannot find module '../controllers/users.controller'
Require stack:
- C:\Users\megha\OneDrive\Documents\projects\mmv\mmv_freelance\backend\src\routes\users.route.ts
- C:\Users\megha\OneDrive\Documents\projects\mmv\mmv_freelance\backend\src\server.ts
    at Function.<anonymous> (node:internal/modules/cjs/loader:1401:15)
    at Function.Module._resolveFilename.sharedData.moduleResolveFilenameHook.installedValue [as _resolveFilename] (C:\Users\megha\OneDrive\Documents\projects\mmv\mmv_freelance\backend\node_modules\@cspotcode\source-map-support\source-map-support.js:811:30)
    at defaultResolveImpl (node:internal/modules/cjs/loader:1057:19)
    at resolveForCJSWithHooks (node:internal/modules/cjs/loader:1062:22)
    at Function._load (node:internal/modules/cjs/loader:1211:37)
    at TracingChannel.traceSync (node:diagnostics_channel:322:14)
    at wrapModuleLoad (node:internal/modules/cjs/loader:235:24)
    at Module.require (node:internal/modules/cjs/loader:1487:12)
    at require (node:internal/modules/helpers:135:16)
    at Object.<anonymous> (C:\Users\megha\OneDrive\Documents\projects\mmv\mmv_freelance\backend\src\routes\users.route.ts:5:1)
2025-06-22 11:48:15 error: uncaughtException: Cannot find module '../controllers/users.controller'
Require stack:
- C:\Users\megha\OneDrive\Documents\projects\mmv\mmv_freelance\backend\src\routes\users.route.ts
- C:\Users\megha\OneDrive\Documents\projects\mmv\mmv_freelance\backend\src\server.ts
Error: Cannot find module '../controllers/users.controller'
Require stack:
- C:\Users\megha\OneDrive\Documents\projects\mmv\mmv_freelance\backend\src\routes\users.route.ts
- C:\Users\megha\OneDrive\Documents\projects\mmv\mmv_freelance\backend\src\server.ts
    at Function.<anonymous> (node:internal/modules/cjs/loader:1401:15)
    at Function.Module._resolveFilename.sharedData.moduleResolveFilenameHook.installedValue [as _resolveFilename] (C:\Users\megha\OneDrive\Documents\projects\mmv\mmv_freelance\backend\node_modules\@cspotcode\source-map-support\source-map-support.js:811:30)
    at defaultResolveImpl (node:internal/modules/cjs/loader:1057:19)
    at resolveForCJSWithHooks (node:internal/modules/cjs/loader:1062:22)
    at Function._load (node:internal/modules/cjs/loader:1211:37)
    at TracingChannel.traceSync (node:diagnostics_channel:322:14)
    at wrapModuleLoad (node:internal/modules/cjs/loader:235:24)
    at Module.require (node:internal/modules/cjs/loader:1487:12)
    at require (node:internal/modules/helpers:135:16)
    at Object.<anonymous> (C:\Users\megha\OneDrive\Documents\projects\mmv\mmv_freelance\backend\src\routes\users.route.ts:5:1)
2025-06-22 11:48:17 error: uncaughtException: Cannot find module '../controllers/users.controller'
Require stack:
- C:\Users\megha\OneDrive\Documents\projects\mmv\mmv_freelance\backend\src\routes\users.route.ts
- C:\Users\megha\OneDrive\Documents\projects\mmv\mmv_freelance\backend\src\server.ts
Error: Cannot find module '../controllers/users.controller'
Require stack:
- C:\Users\megha\OneDrive\Documents\projects\mmv\mmv_freelance\backend\src\routes\users.route.ts
- C:\Users\megha\OneDrive\Documents\projects\mmv\mmv_freelance\backend\src\server.ts
    at Function.<anonymous> (node:internal/modules/cjs/loader:1401:15)
    at Function.Module._resolveFilename.sharedData.moduleResolveFilenameHook.installedValue [as _resolveFilename] (C:\Users\megha\OneDrive\Documents\projects\mmv\mmv_freelance\backend\node_modules\@cspotcode\source-map-support\source-map-support.js:811:30)
    at defaultResolveImpl (node:internal/modules/cjs/loader:1057:19)
    at resolveForCJSWithHooks (node:internal/modules/cjs/loader:1062:22)
    at Function._load (node:internal/modules/cjs/loader:1211:37)
    at TracingChannel.traceSync (node:diagnostics_channel:322:14)
    at wrapModuleLoad (node:internal/modules/cjs/loader:235:24)
    at Module.require (node:internal/modules/cjs/loader:1487:12)
    at require (node:internal/modules/helpers:135:16)
    at Object.<anonymous> (C:\Users\megha\OneDrive\Documents\projects\mmv\mmv_freelance\backend\src\routes\users.route.ts:5:1)
2025-06-22 11:48:19 error: uncaughtException: Cannot find module '../controllers/users.controller'
Require stack:
- C:\Users\megha\OneDrive\Documents\projects\mmv\mmv_freelance\backend\src\routes\users.route.ts
- C:\Users\megha\OneDrive\Documents\projects\mmv\mmv_freelance\backend\src\server.ts
Error: Cannot find module '../controllers/users.controller'
Require stack:
- C:\Users\megha\OneDrive\Documents\projects\mmv\mmv_freelance\backend\src\routes\users.route.ts
- C:\Users\megha\OneDrive\Documents\projects\mmv\mmv_freelance\backend\src\server.ts
    at Function.<anonymous> (node:internal/modules/cjs/loader:1401:15)
    at Function.Module._resolveFilename.sharedData.moduleResolveFilenameHook.installedValue [as _resolveFilename] (C:\Users\megha\OneDrive\Documents\projects\mmv\mmv_freelance\backend\node_modules\@cspotcode\source-map-support\source-map-support.js:811:30)
    at defaultResolveImpl (node:internal/modules/cjs/loader:1057:19)
    at resolveForCJSWithHooks (node:internal/modules/cjs/loader:1062:22)
    at Function._load (node:internal/modules/cjs/loader:1211:37)
    at TracingChannel.traceSync (node:diagnostics_channel:322:14)
    at wrapModuleLoad (node:internal/modules/cjs/loader:235:24)
    at Module.require (node:internal/modules/cjs/loader:1487:12)
    at require (node:internal/modules/helpers:135:16)
    at Object.<anonymous> (C:\Users\megha\OneDrive\Documents\projects\mmv\mmv_freelance\backend\src\routes\users.route.ts:5:1)
2025-06-22 11:48:22 error: uncaughtException: Cannot find module '../controllers/users.controller'
Require stack:
- C:\Users\megha\OneDrive\Documents\projects\mmv\mmv_freelance\backend\src\routes\users.route.ts
- C:\Users\megha\OneDrive\Documents\projects\mmv\mmv_freelance\backend\src\server.ts
Error: Cannot find module '../controllers/users.controller'
Require stack:
- C:\Users\megha\OneDrive\Documents\projects\mmv\mmv_freelance\backend\src\routes\users.route.ts
- C:\Users\megha\OneDrive\Documents\projects\mmv\mmv_freelance\backend\src\server.ts
    at Function.<anonymous> (node:internal/modules/cjs/loader:1401:15)
    at Function.Module._resolveFilename.sharedData.moduleResolveFilenameHook.installedValue [as _resolveFilename] (C:\Users\megha\OneDrive\Documents\projects\mmv\mmv_freelance\backend\node_modules\@cspotcode\source-map-support\source-map-support.js:811:30)
    at defaultResolveImpl (node:internal/modules/cjs/loader:1057:19)
    at resolveForCJSWithHooks (node:internal/modules/cjs/loader:1062:22)
    at Function._load (node:internal/modules/cjs/loader:1211:37)
    at TracingChannel.traceSync (node:diagnostics_channel:322:14)
    at wrapModuleLoad (node:internal/modules/cjs/loader:235:24)
    at Module.require (node:internal/modules/cjs/loader:1487:12)
    at require (node:internal/modules/helpers:135:16)
    at Object.<anonymous> (C:\Users\megha\OneDrive\Documents\projects\mmv\mmv_freelance\backend\src\routes\users.route.ts:5:1)
2025-06-22 11:48:24 error: uncaughtException: Cannot find module '../controllers/users.controller'
Require stack:
- C:\Users\megha\OneDrive\Documents\projects\mmv\mmv_freelance\backend\src\routes\users.route.ts
- C:\Users\megha\OneDrive\Documents\projects\mmv\mmv_freelance\backend\src\server.ts
Error: Cannot find module '../controllers/users.controller'
Require stack:
- C:\Users\megha\OneDrive\Documents\projects\mmv\mmv_freelance\backend\src\routes\users.route.ts
- C:\Users\megha\OneDrive\Documents\projects\mmv\mmv_freelance\backend\src\server.ts
    at Function.<anonymous> (node:internal/modules/cjs/loader:1401:15)
    at Function.Module._resolveFilename.sharedData.moduleResolveFilenameHook.installedValue [as _resolveFilename] (C:\Users\megha\OneDrive\Documents\projects\mmv\mmv_freelance\backend\node_modules\@cspotcode\source-map-support\source-map-support.js:811:30)
    at defaultResolveImpl (node:internal/modules/cjs/loader:1057:19)
    at resolveForCJSWithHooks (node:internal/modules/cjs/loader:1062:22)
    at Function._load (node:internal/modules/cjs/loader:1211:37)
    at TracingChannel.traceSync (node:diagnostics_channel:322:14)
    at wrapModuleLoad (node:internal/modules/cjs/loader:235:24)
    at Module.require (node:internal/modules/cjs/loader:1487:12)
    at require (node:internal/modules/helpers:135:16)
    at Object.<anonymous> (C:\Users\megha\OneDrive\Documents\projects\mmv\mmv_freelance\backend\src\routes\users.route.ts:5:1)
2025-06-22 11:48:30 error: uncaughtException: Cannot find module '../controllers/users.controller'
Require stack:
- C:\Users\megha\OneDrive\Documents\projects\mmv\mmv_freelance\backend\src\routes\users.route.ts
- C:\Users\megha\OneDrive\Documents\projects\mmv\mmv_freelance\backend\src\server.ts
Error: Cannot find module '../controllers/users.controller'
Require stack:
- C:\Users\megha\OneDrive\Documents\projects\mmv\mmv_freelance\backend\src\routes\users.route.ts
- C:\Users\megha\OneDrive\Documents\projects\mmv\mmv_freelance\backend\src\server.ts
    at Function.<anonymous> (node:internal/modules/cjs/loader:1401:15)
    at Function.Module._resolveFilename.sharedData.moduleResolveFilenameHook.installedValue [as _resolveFilename] (C:\Users\megha\OneDrive\Documents\projects\mmv\mmv_freelance\backend\node_modules\@cspotcode\source-map-support\source-map-support.js:811:30)
    at defaultResolveImpl (node:internal/modules/cjs/loader:1057:19)
    at resolveForCJSWithHooks (node:internal/modules/cjs/loader:1062:22)
    at Function._load (node:internal/modules/cjs/loader:1211:37)
    at TracingChannel.traceSync (node:diagnostics_channel:322:14)
    at wrapModuleLoad (node:internal/modules/cjs/loader:235:24)
    at Module.require (node:internal/modules/cjs/loader:1487:12)
    at require (node:internal/modules/helpers:135:16)
    at Object.<anonymous> (C:\Users\megha\OneDrive\Documents\projects\mmv\mmv_freelance\backend\src\routes\users.route.ts:5:1)
2025-06-22 11:48:45 error: uncaughtException: Cannot find module '../controllers/users.controller'
Require stack:
- C:\Users\megha\OneDrive\Documents\projects\mmv\mmv_freelance\backend\src\routes\users.route.ts
- C:\Users\megha\OneDrive\Documents\projects\mmv\mmv_freelance\backend\src\server.ts
Error: Cannot find module '../controllers/users.controller'
Require stack:
- C:\Users\megha\OneDrive\Documents\projects\mmv\mmv_freelance\backend\src\routes\users.route.ts
- C:\Users\megha\OneDrive\Documents\projects\mmv\mmv_freelance\backend\src\server.ts
    at Function.<anonymous> (node:internal/modules/cjs/loader:1401:15)
    at Function.Module._resolveFilename.sharedData.moduleResolveFilenameHook.installedValue [as _resolveFilename] (C:\Users\megha\OneDrive\Documents\projects\mmv\mmv_freelance\backend\node_modules\@cspotcode\source-map-support\source-map-support.js:811:30)
    at defaultResolveImpl (node:internal/modules/cjs/loader:1057:19)
    at resolveForCJSWithHooks (node:internal/modules/cjs/loader:1062:22)
    at Function._load (node:internal/modules/cjs/loader:1211:37)
    at TracingChannel.traceSync (node:diagnostics_channel:322:14)
    at wrapModuleLoad (node:internal/modules/cjs/loader:235:24)
    at Module.require (node:internal/modules/cjs/loader:1487:12)
    at require (node:internal/modules/helpers:135:16)
    at Object.<anonymous> (C:\Users\megha\OneDrive\Documents\projects\mmv\mmv_freelance\backend\src\routes\users.route.ts:5:1)
2025-06-22 11:48:53 error: uncaughtException: Cannot find module '../controllers/users.controller'
Require stack:
- C:\Users\megha\OneDrive\Documents\projects\mmv\mmv_freelance\backend\src\routes\users.route.ts
- C:\Users\megha\OneDrive\Documents\projects\mmv\mmv_freelance\backend\src\server.ts
Error: Cannot find module '../controllers/users.controller'
Require stack:
- C:\Users\megha\OneDrive\Documents\projects\mmv\mmv_freelance\backend\src\routes\users.route.ts
- C:\Users\megha\OneDrive\Documents\projects\mmv\mmv_freelance\backend\src\server.ts
    at Function.<anonymous> (node:internal/modules/cjs/loader:1401:15)
    at Function.Module._resolveFilename.sharedData.moduleResolveFilenameHook.installedValue [as _resolveFilename] (C:\Users\megha\OneDrive\Documents\projects\mmv\mmv_freelance\backend\node_modules\@cspotcode\source-map-support\source-map-support.js:811:30)
    at defaultResolveImpl (node:internal/modules/cjs/loader:1057:19)
    at resolveForCJSWithHooks (node:internal/modules/cjs/loader:1062:22)
    at Function._load (node:internal/modules/cjs/loader:1211:37)
    at TracingChannel.traceSync (node:diagnostics_channel:322:14)
    at wrapModuleLoad (node:internal/modules/cjs/loader:235:24)
    at Module.require (node:internal/modules/cjs/loader:1487:12)
    at require (node:internal/modules/helpers:135:16)
    at Object.<anonymous> (C:\Users\megha\OneDrive\Documents\projects\mmv\mmv_freelance\backend\src\routes\users.route.ts:5:1)
2025-06-22 11:49:13 error: uncaughtException: Cannot find module '../controllers/users.controller'
Require stack:
- C:\Users\megha\OneDrive\Documents\projects\mmv\mmv_freelance\backend\src\routes\users.route.ts
- C:\Users\megha\OneDrive\Documents\projects\mmv\mmv_freelance\backend\src\server.ts
Error: Cannot find module '../controllers/users.controller'
Require stack:
- C:\Users\megha\OneDrive\Documents\projects\mmv\mmv_freelance\backend\src\routes\users.route.ts
- C:\Users\megha\OneDrive\Documents\projects\mmv\mmv_freelance\backend\src\server.ts
    at Function.<anonymous> (node:internal/modules/cjs/loader:1401:15)
    at Function.Module._resolveFilename.sharedData.moduleResolveFilenameHook.installedValue [as _resolveFilename] (C:\Users\megha\OneDrive\Documents\projects\mmv\mmv_freelance\backend\node_modules\@cspotcode\source-map-support\source-map-support.js:811:30)
    at defaultResolveImpl (node:internal/modules/cjs/loader:1057:19)
    at resolveForCJSWithHooks (node:internal/modules/cjs/loader:1062:22)
    at Function._load (node:internal/modules/cjs/loader:1211:37)
    at TracingChannel.traceSync (node:diagnostics_channel:322:14)
    at wrapModuleLoad (node:internal/modules/cjs/loader:235:24)
    at Module.require (node:internal/modules/cjs/loader:1487:12)
    at require (node:internal/modules/helpers:135:16)
    at Object.<anonymous> (C:\Users\megha\OneDrive\Documents\projects\mmv\mmv_freelance\backend\src\routes\users.route.ts:5:1)
2025-06-22 11:49:16 error: uncaughtException: Cannot find module '../controllers/users.controller'
Require stack:
- C:\Users\megha\OneDrive\Documents\projects\mmv\mmv_freelance\backend\src\routes\users.route.ts
- C:\Users\megha\OneDrive\Documents\projects\mmv\mmv_freelance\backend\src\server.ts
Error: Cannot find module '../controllers/users.controller'
Require stack:
- C:\Users\megha\OneDrive\Documents\projects\mmv\mmv_freelance\backend\src\routes\users.route.ts
- C:\Users\megha\OneDrive\Documents\projects\mmv\mmv_freelance\backend\src\server.ts
    at Function.<anonymous> (node:internal/modules/cjs/loader:1401:15)
    at Function.Module._resolveFilename.sharedData.moduleResolveFilenameHook.installedValue [as _resolveFilename] (C:\Users\megha\OneDrive\Documents\projects\mmv\mmv_freelance\backend\node_modules\@cspotcode\source-map-support\source-map-support.js:811:30)
    at defaultResolveImpl (node:internal/modules/cjs/loader:1057:19)
    at resolveForCJSWithHooks (node:internal/modules/cjs/loader:1062:22)
    at Function._load (node:internal/modules/cjs/loader:1211:37)
    at TracingChannel.traceSync (node:diagnostics_channel:322:14)
    at wrapModuleLoad (node:internal/modules/cjs/loader:235:24)
    at Module.require (node:internal/modules/cjs/loader:1487:12)
    at require (node:internal/modules/helpers:135:16)
    at Object.<anonymous> (C:\Users\megha\OneDrive\Documents\projects\mmv\mmv_freelance\backend\src\routes\users.route.ts:5:1)
2025-06-22 11:49:17 error: uncaughtException: Cannot find module '../controllers/users.controller'
Require stack:
- C:\Users\megha\OneDrive\Documents\projects\mmv\mmv_freelance\backend\src\routes\users.route.ts
- C:\Users\megha\OneDrive\Documents\projects\mmv\mmv_freelance\backend\src\server.ts
Error: Cannot find module '../controllers/users.controller'
Require stack:
- C:\Users\megha\OneDrive\Documents\projects\mmv\mmv_freelance\backend\src\routes\users.route.ts
- C:\Users\megha\OneDrive\Documents\projects\mmv\mmv_freelance\backend\src\server.ts
    at Function.<anonymous> (node:internal/modules/cjs/loader:1401:15)
    at Function.Module._resolveFilename.sharedData.moduleResolveFilenameHook.installedValue [as _resolveFilename] (C:\Users\megha\OneDrive\Documents\projects\mmv\mmv_freelance\backend\node_modules\@cspotcode\source-map-support\source-map-support.js:811:30)
    at defaultResolveImpl (node:internal/modules/cjs/loader:1057:19)
    at resolveForCJSWithHooks (node:internal/modules/cjs/loader:1062:22)
    at Function._load (node:internal/modules/cjs/loader:1211:37)
    at TracingChannel.traceSync (node:diagnostics_channel:322:14)
    at wrapModuleLoad (node:internal/modules/cjs/loader:235:24)
    at Module.require (node:internal/modules/cjs/loader:1487:12)
    at require (node:internal/modules/helpers:135:16)
    at Object.<anonymous> (C:\Users\megha\OneDrive\Documents\projects\mmv\mmv_freelance\backend\src\routes\users.route.ts:5:1)
2025-06-22 11:49:20 error: uncaughtException: Cannot find module '../controllers/users.controller'
Require stack:
- C:\Users\megha\OneDrive\Documents\projects\mmv\mmv_freelance\backend\src\routes\users.route.ts
- C:\Users\megha\OneDrive\Documents\projects\mmv\mmv_freelance\backend\src\server.ts
Error: Cannot find module '../controllers/users.controller'
Require stack:
- C:\Users\megha\OneDrive\Documents\projects\mmv\mmv_freelance\backend\src\routes\users.route.ts
- C:\Users\megha\OneDrive\Documents\projects\mmv\mmv_freelance\backend\src\server.ts
    at Function.<anonymous> (node:internal/modules/cjs/loader:1401:15)
    at Function.Module._resolveFilename.sharedData.moduleResolveFilenameHook.installedValue [as _resolveFilename] (C:\Users\megha\OneDrive\Documents\projects\mmv\mmv_freelance\backend\node_modules\@cspotcode\source-map-support\source-map-support.js:811:30)
    at defaultResolveImpl (node:internal/modules/cjs/loader:1057:19)
    at resolveForCJSWithHooks (node:internal/modules/cjs/loader:1062:22)
    at Function._load (node:internal/modules/cjs/loader:1211:37)
    at TracingChannel.traceSync (node:diagnostics_channel:322:14)
    at wrapModuleLoad (node:internal/modules/cjs/loader:235:24)
    at Module.require (node:internal/modules/cjs/loader:1487:12)
    at require (node:internal/modules/helpers:135:16)
    at Object.<anonymous> (C:\Users\megha\OneDrive\Documents\projects\mmv\mmv_freelance\backend\src\routes\users.route.ts:5:1)
2025-06-22 11:49:22 error: uncaughtException: Cannot find module '../controllers/users.controller'
Require stack:
- C:\Users\megha\OneDrive\Documents\projects\mmv\mmv_freelance\backend\src\routes\users.route.ts
- C:\Users\megha\OneDrive\Documents\projects\mmv\mmv_freelance\backend\src\server.ts
Error: Cannot find module '../controllers/users.controller'
Require stack:
- C:\Users\megha\OneDrive\Documents\projects\mmv\mmv_freelance\backend\src\routes\users.route.ts
- C:\Users\megha\OneDrive\Documents\projects\mmv\mmv_freelance\backend\src\server.ts
    at Function.<anonymous> (node:internal/modules/cjs/loader:1401:15)
    at Function.Module._resolveFilename.sharedData.moduleResolveFilenameHook.installedValue [as _resolveFilename] (C:\Users\megha\OneDrive\Documents\projects\mmv\mmv_freelance\backend\node_modules\@cspotcode\source-map-support\source-map-support.js:811:30)
    at defaultResolveImpl (node:internal/modules/cjs/loader:1057:19)
    at resolveForCJSWithHooks (node:internal/modules/cjs/loader:1062:22)
    at Function._load (node:internal/modules/cjs/loader:1211:37)
    at TracingChannel.traceSync (node:diagnostics_channel:322:14)
    at wrapModuleLoad (node:internal/modules/cjs/loader:235:24)
    at Module.require (node:internal/modules/cjs/loader:1487:12)
    at require (node:internal/modules/helpers:135:16)
    at Object.<anonymous> (C:\Users\megha\OneDrive\Documents\projects\mmv\mmv_freelance\backend\src\routes\users.route.ts:5:1)
2025-06-22 11:49:24 error: uncaughtException: Cannot find module '../controllers/users.controller'
Require stack:
- C:\Users\megha\OneDrive\Documents\projects\mmv\mmv_freelance\backend\src\routes\users.route.ts
- C:\Users\megha\OneDrive\Documents\projects\mmv\mmv_freelance\backend\src\server.ts
Error: Cannot find module '../controllers/users.controller'
Require stack:
- C:\Users\megha\OneDrive\Documents\projects\mmv\mmv_freelance\backend\src\routes\users.route.ts
- C:\Users\megha\OneDrive\Documents\projects\mmv\mmv_freelance\backend\src\server.ts
    at Function.<anonymous> (node:internal/modules/cjs/loader:1401:15)
    at Function.Module._resolveFilename.sharedData.moduleResolveFilenameHook.installedValue [as _resolveFilename] (C:\Users\megha\OneDrive\Documents\projects\mmv\mmv_freelance\backend\node_modules\@cspotcode\source-map-support\source-map-support.js:811:30)
    at defaultResolveImpl (node:internal/modules/cjs/loader:1057:19)
    at resolveForCJSWithHooks (node:internal/modules/cjs/loader:1062:22)
    at Function._load (node:internal/modules/cjs/loader:1211:37)
    at TracingChannel.traceSync (node:diagnostics_channel:322:14)
    at wrapModuleLoad (node:internal/modules/cjs/loader:235:24)
    at Module.require (node:internal/modules/cjs/loader:1487:12)
    at require (node:internal/modules/helpers:135:16)
    at Object.<anonymous> (C:\Users\megha\OneDrive\Documents\projects\mmv\mmv_freelance\backend\src\routes\users.route.ts:5:1)
2025-06-22 11:49:30 error: uncaughtException: Cannot find module '../controllers/users.controller'
Require stack:
- C:\Users\megha\OneDrive\Documents\projects\mmv\mmv_freelance\backend\src\routes\users.route.ts
- C:\Users\megha\OneDrive\Documents\projects\mmv\mmv_freelance\backend\src\server.ts
Error: Cannot find module '../controllers/users.controller'
Require stack:
- C:\Users\megha\OneDrive\Documents\projects\mmv\mmv_freelance\backend\src\routes\users.route.ts
- C:\Users\megha\OneDrive\Documents\projects\mmv\mmv_freelance\backend\src\server.ts
    at Function.<anonymous> (node:internal/modules/cjs/loader:1401:15)
    at Function.Module._resolveFilename.sharedData.moduleResolveFilenameHook.installedValue [as _resolveFilename] (C:\Users\megha\OneDrive\Documents\projects\mmv\mmv_freelance\backend\node_modules\@cspotcode\source-map-support\source-map-support.js:811:30)
    at defaultResolveImpl (node:internal/modules/cjs/loader:1057:19)
    at resolveForCJSWithHooks (node:internal/modules/cjs/loader:1062:22)
    at Function._load (node:internal/modules/cjs/loader:1211:37)
    at TracingChannel.traceSync (node:diagnostics_channel:322:14)
    at wrapModuleLoad (node:internal/modules/cjs/loader:235:24)
    at Module.require (node:internal/modules/cjs/loader:1487:12)
    at require (node:internal/modules/helpers:135:16)
    at Object.<anonymous> (C:\Users\megha\OneDrive\Documents\projects\mmv\mmv_freelance\backend\src\routes\users.route.ts:5:1)
2025-06-22 11:49:31 error: uncaughtException: Cannot find module '../controllers/users.controller'
Require stack:
- C:\Users\megha\OneDrive\Documents\projects\mmv\mmv_freelance\backend\src\routes\users.route.ts
- C:\Users\megha\OneDrive\Documents\projects\mmv\mmv_freelance\backend\src\server.ts
Error: Cannot find module '../controllers/users.controller'
Require stack:
- C:\Users\megha\OneDrive\Documents\projects\mmv\mmv_freelance\backend\src\routes\users.route.ts
- C:\Users\megha\OneDrive\Documents\projects\mmv\mmv_freelance\backend\src\server.ts
    at Function.<anonymous> (node:internal/modules/cjs/loader:1401:15)
    at Function.Module._resolveFilename.sharedData.moduleResolveFilenameHook.installedValue [as _resolveFilename] (C:\Users\megha\OneDrive\Documents\projects\mmv\mmv_freelance\backend\node_modules\@cspotcode\source-map-support\source-map-support.js:811:30)
    at defaultResolveImpl (node:internal/modules/cjs/loader:1057:19)
    at resolveForCJSWithHooks (node:internal/modules/cjs/loader:1062:22)
    at Function._load (node:internal/modules/cjs/loader:1211:37)
    at TracingChannel.traceSync (node:diagnostics_channel:322:14)
    at wrapModuleLoad (node:internal/modules/cjs/loader:235:24)
    at Module.require (node:internal/modules/cjs/loader:1487:12)
    at require (node:internal/modules/helpers:135:16)
    at Object.<anonymous> (C:\Users\megha\OneDrive\Documents\projects\mmv\mmv_freelance\backend\src\routes\users.route.ts:5:1)
2025-06-22 11:49:35 error: uncaughtException: Cannot find module '../controllers/users.controller'
Require stack:
- C:\Users\megha\OneDrive\Documents\projects\mmv\mmv_freelance\backend\src\routes\users.route.ts
- C:\Users\megha\OneDrive\Documents\projects\mmv\mmv_freelance\backend\src\server.ts
Error: Cannot find module '../controllers/users.controller'
Require stack:
- C:\Users\megha\OneDrive\Documents\projects\mmv\mmv_freelance\backend\src\routes\users.route.ts
- C:\Users\megha\OneDrive\Documents\projects\mmv\mmv_freelance\backend\src\server.ts
    at Function.<anonymous> (node:internal/modules/cjs/loader:1401:15)
    at Function.Module._resolveFilename.sharedData.moduleResolveFilenameHook.installedValue [as _resolveFilename] (C:\Users\megha\OneDrive\Documents\projects\mmv\mmv_freelance\backend\node_modules\@cspotcode\source-map-support\source-map-support.js:811:30)
    at defaultResolveImpl (node:internal/modules/cjs/loader:1057:19)
    at resolveForCJSWithHooks (node:internal/modules/cjs/loader:1062:22)
    at Function._load (node:internal/modules/cjs/loader:1211:37)
    at TracingChannel.traceSync (node:diagnostics_channel:322:14)
    at wrapModuleLoad (node:internal/modules/cjs/loader:235:24)
    at Module.require (node:internal/modules/cjs/loader:1487:12)
    at require (node:internal/modules/helpers:135:16)
    at Object.<anonymous> (C:\Users\megha\OneDrive\Documents\projects\mmv\mmv_freelance\backend\src\routes\users.route.ts:5:1)
2025-06-22 11:49:36 error: uncaughtException: Cannot find module '../controllers/users.controller'
Require stack:
- C:\Users\megha\OneDrive\Documents\projects\mmv\mmv_freelance\backend\src\routes\users.route.ts
- C:\Users\megha\OneDrive\Documents\projects\mmv\mmv_freelance\backend\src\server.ts
Error: Cannot find module '../controllers/users.controller'
Require stack:
- C:\Users\megha\OneDrive\Documents\projects\mmv\mmv_freelance\backend\src\routes\users.route.ts
- C:\Users\megha\OneDrive\Documents\projects\mmv\mmv_freelance\backend\src\server.ts
    at Function.<anonymous> (node:internal/modules/cjs/loader:1401:15)
    at Function.Module._resolveFilename.sharedData.moduleResolveFilenameHook.installedValue [as _resolveFilename] (C:\Users\megha\OneDrive\Documents\projects\mmv\mmv_freelance\backend\node_modules\@cspotcode\source-map-support\source-map-support.js:811:30)
    at defaultResolveImpl (node:internal/modules/cjs/loader:1057:19)
    at resolveForCJSWithHooks (node:internal/modules/cjs/loader:1062:22)
    at Function._load (node:internal/modules/cjs/loader:1211:37)
    at TracingChannel.traceSync (node:diagnostics_channel:322:14)
    at wrapModuleLoad (node:internal/modules/cjs/loader:235:24)
    at Module.require (node:internal/modules/cjs/loader:1487:12)
    at require (node:internal/modules/helpers:135:16)
    at Object.<anonymous> (C:\Users\megha\OneDrive\Documents\projects\mmv\mmv_freelance\backend\src\routes\users.route.ts:5:1)
2025-06-22 11:49:37 error: uncaughtException: Cannot find module '../controllers/users.controller'
Require stack:
- C:\Users\megha\OneDrive\Documents\projects\mmv\mmv_freelance\backend\src\routes\users.route.ts
- C:\Users\megha\OneDrive\Documents\projects\mmv\mmv_freelance\backend\src\server.ts
Error: Cannot find module '../controllers/users.controller'
Require stack:
- C:\Users\megha\OneDrive\Documents\projects\mmv\mmv_freelance\backend\src\routes\users.route.ts
- C:\Users\megha\OneDrive\Documents\projects\mmv\mmv_freelance\backend\src\server.ts
    at Function.<anonymous> (node:internal/modules/cjs/loader:1401:15)
    at Function.Module._resolveFilename.sharedData.moduleResolveFilenameHook.installedValue [as _resolveFilename] (C:\Users\megha\OneDrive\Documents\projects\mmv\mmv_freelance\backend\node_modules\@cspotcode\source-map-support\source-map-support.js:811:30)
    at defaultResolveImpl (node:internal/modules/cjs/loader:1057:19)
    at resolveForCJSWithHooks (node:internal/modules/cjs/loader:1062:22)
    at Function._load (node:internal/modules/cjs/loader:1211:37)
    at TracingChannel.traceSync (node:diagnostics_channel:322:14)
    at wrapModuleLoad (node:internal/modules/cjs/loader:235:24)
    at Module.require (node:internal/modules/cjs/loader:1487:12)
    at require (node:internal/modules/helpers:135:16)
    at Object.<anonymous> (C:\Users\megha\OneDrive\Documents\projects\mmv\mmv_freelance\backend\src\routes\users.route.ts:5:1)
2025-06-22 11:49:41 error: uncaughtException: Cannot find module '../controllers/users.controller'
Require stack:
- C:\Users\megha\OneDrive\Documents\projects\mmv\mmv_freelance\backend\src\routes\users.route.ts
- C:\Users\megha\OneDrive\Documents\projects\mmv\mmv_freelance\backend\src\server.ts
Error: Cannot find module '../controllers/users.controller'
Require stack:
- C:\Users\megha\OneDrive\Documents\projects\mmv\mmv_freelance\backend\src\routes\users.route.ts
- C:\Users\megha\OneDrive\Documents\projects\mmv\mmv_freelance\backend\src\server.ts
    at Function.<anonymous> (node:internal/modules/cjs/loader:1401:15)
    at Function.Module._resolveFilename.sharedData.moduleResolveFilenameHook.installedValue [as _resolveFilename] (C:\Users\megha\OneDrive\Documents\projects\mmv\mmv_freelance\backend\node_modules\@cspotcode\source-map-support\source-map-support.js:811:30)
    at defaultResolveImpl (node:internal/modules/cjs/loader:1057:19)
    at resolveForCJSWithHooks (node:internal/modules/cjs/loader:1062:22)
    at Function._load (node:internal/modules/cjs/loader:1211:37)
    at TracingChannel.traceSync (node:diagnostics_channel:322:14)
    at wrapModuleLoad (node:internal/modules/cjs/loader:235:24)
    at Module.require (node:internal/modules/cjs/loader:1487:12)
    at require (node:internal/modules/helpers:135:16)
    at Object.<anonymous> (C:\Users\megha\OneDrive\Documents\projects\mmv\mmv_freelance\backend\src\routes\users.route.ts:5:1)
2025-06-22 11:49:44 error: uncaughtException: Cannot find module '../controllers/users.controller'
Require stack:
- C:\Users\megha\OneDrive\Documents\projects\mmv\mmv_freelance\backend\src\routes\users.route.ts
- C:\Users\megha\OneDrive\Documents\projects\mmv\mmv_freelance\backend\src\server.ts
Error: Cannot find module '../controllers/users.controller'
Require stack:
- C:\Users\megha\OneDrive\Documents\projects\mmv\mmv_freelance\backend\src\routes\users.route.ts
- C:\Users\megha\OneDrive\Documents\projects\mmv\mmv_freelance\backend\src\server.ts
    at Function.<anonymous> (node:internal/modules/cjs/loader:1401:15)
    at Function.Module._resolveFilename.sharedData.moduleResolveFilenameHook.installedValue [as _resolveFilename] (C:\Users\megha\OneDrive\Documents\projects\mmv\mmv_freelance\backend\node_modules\@cspotcode\source-map-support\source-map-support.js:811:30)
    at defaultResolveImpl (node:internal/modules/cjs/loader:1057:19)
    at resolveForCJSWithHooks (node:internal/modules/cjs/loader:1062:22)
    at Function._load (node:internal/modules/cjs/loader:1211:37)
    at TracingChannel.traceSync (node:diagnostics_channel:322:14)
    at wrapModuleLoad (node:internal/modules/cjs/loader:235:24)
    at Module.require (node:internal/modules/cjs/loader:1487:12)
    at require (node:internal/modules/helpers:135:16)
    at Object.<anonymous> (C:\Users\megha\OneDrive\Documents\projects\mmv\mmv_freelance\backend\src\routes\users.route.ts:5:1)
2025-06-22 11:49:46 error: uncaughtException: Cannot find module '../controllers/users.controller'
Require stack:
- C:\Users\megha\OneDrive\Documents\projects\mmv\mmv_freelance\backend\src\routes\users.route.ts
- C:\Users\megha\OneDrive\Documents\projects\mmv\mmv_freelance\backend\src\server.ts
Error: Cannot find module '../controllers/users.controller'
Require stack:
- C:\Users\megha\OneDrive\Documents\projects\mmv\mmv_freelance\backend\src\routes\users.route.ts
- C:\Users\megha\OneDrive\Documents\projects\mmv\mmv_freelance\backend\src\server.ts
    at Function.<anonymous> (node:internal/modules/cjs/loader:1401:15)
    at Function.Module._resolveFilename.sharedData.moduleResolveFilenameHook.installedValue [as _resolveFilename] (C:\Users\megha\OneDrive\Documents\projects\mmv\mmv_freelance\backend\node_modules\@cspotcode\source-map-support\source-map-support.js:811:30)
    at defaultResolveImpl (node:internal/modules/cjs/loader:1057:19)
    at resolveForCJSWithHooks (node:internal/modules/cjs/loader:1062:22)
    at Function._load (node:internal/modules/cjs/loader:1211:37)
    at TracingChannel.traceSync (node:diagnostics_channel:322:14)
    at wrapModuleLoad (node:internal/modules/cjs/loader:235:24)
    at Module.require (node:internal/modules/cjs/loader:1487:12)
    at require (node:internal/modules/helpers:135:16)
    at Object.<anonymous> (C:\Users\megha\OneDrive\Documents\projects\mmv\mmv_freelance\backend\src\routes\users.route.ts:5:1)
2025-06-22 11:49:54 error: uncaughtException: Cannot find module '../controllers/users.co'
Require stack:
- C:\Users\megha\OneDrive\Documents\projects\mmv\mmv_freelance\backend\src\routes\users.route.ts
- C:\Users\megha\OneDrive\Documents\projects\mmv\mmv_freelance\backend\src\server.ts
Error: Cannot find module '../controllers/users.co'
Require stack:
- C:\Users\megha\OneDrive\Documents\projects\mmv\mmv_freelance\backend\src\routes\users.route.ts
- C:\Users\megha\OneDrive\Documents\projects\mmv\mmv_freelance\backend\src\server.ts
    at Function.<anonymous> (node:internal/modules/cjs/loader:1401:15)
    at Function.Module._resolveFilename.sharedData.moduleResolveFilenameHook.installedValue [as _resolveFilename] (C:\Users\megha\OneDrive\Documents\projects\mmv\mmv_freelance\backend\node_modules\@cspotcode\source-map-support\source-map-support.js:811:30)
    at defaultResolveImpl (node:internal/modules/cjs/loader:1057:19)
    at resolveForCJSWithHooks (node:internal/modules/cjs/loader:1062:22)
    at Function._load (node:internal/modules/cjs/loader:1211:37)
    at TracingChannel.traceSync (node:diagnostics_channel:322:14)
    at wrapModuleLoad (node:internal/modules/cjs/loader:235:24)
    at Module.require (node:internal/modules/cjs/loader:1487:12)
    at require (node:internal/modules/helpers:135:16)
    at Object.<anonymous> (C:\Users\megha\OneDrive\Documents\projects\mmv\mmv_freelance\backend\src\routes\users.route.ts:5:1)
2025-06-22 11:49:56 error: uncaughtException: Cannot find module '../controllers/users.con'
Require stack:
- C:\Users\megha\OneDrive\Documents\projects\mmv\mmv_freelance\backend\src\routes\users.route.ts
- C:\Users\megha\OneDrive\Documents\projects\mmv\mmv_freelance\backend\src\server.ts
Error: Cannot find module '../controllers/users.con'
Require stack:
- C:\Users\megha\OneDrive\Documents\projects\mmv\mmv_freelance\backend\src\routes\users.route.ts
- C:\Users\megha\OneDrive\Documents\projects\mmv\mmv_freelance\backend\src\server.ts
    at Function.<anonymous> (node:internal/modules/cjs/loader:1401:15)
    at Function.Module._resolveFilename.sharedData.moduleResolveFilenameHook.installedValue [as _resolveFilename] (C:\Users\megha\OneDrive\Documents\projects\mmv\mmv_freelance\backend\node_modules\@cspotcode\source-map-support\source-map-support.js:811:30)
    at defaultResolveImpl (node:internal/modules/cjs/loader:1057:19)
    at resolveForCJSWithHooks (node:internal/modules/cjs/loader:1062:22)
    at Function._load (node:internal/modules/cjs/loader:1211:37)
    at TracingChannel.traceSync (node:diagnostics_channel:322:14)
    at wrapModuleLoad (node:internal/modules/cjs/loader:235:24)
    at Module.require (node:internal/modules/cjs/loader:1487:12)
    at require (node:internal/modules/helpers:135:16)
    at Object.<anonymous> (C:\Users\megha\OneDrive\Documents\projects\mmv\mmv_freelance\backend\src\routes\users.route.ts:5:1)
2025-06-22 11:49:58 error: uncaughtException: Cannot find module 'bcrypt'
Require stack:
- C:\Users\megha\OneDrive\Documents\projects\mmv\mmv_freelance\backend\src\services\user.services.ts
- C:\Users\megha\OneDrive\Documents\projects\mmv\mmv_freelance\backend\src\controllers\users.controllers.ts
- C:\Users\megha\OneDrive\Documents\projects\mmv\mmv_freelance\backend\src\routes\users.route.ts
- C:\Users\megha\OneDrive\Documents\projects\mmv\mmv_freelance\backend\src\server.ts
Error: Cannot find module 'bcrypt'
Require stack:
- C:\Users\megha\OneDrive\Documents\projects\mmv\mmv_freelance\backend\src\services\user.services.ts
- C:\Users\megha\OneDrive\Documents\projects\mmv\mmv_freelance\backend\src\controllers\users.controllers.ts
- C:\Users\megha\OneDrive\Documents\projects\mmv\mmv_freelance\backend\src\routes\users.route.ts
- C:\Users\megha\OneDrive\Documents\projects\mmv\mmv_freelance\backend\src\server.ts
    at Function.<anonymous> (node:internal/modules/cjs/loader:1401:15)
    at Function.Module._resolveFilename.sharedData.moduleResolveFilenameHook.installedValue [as _resolveFilename] (C:\Users\megha\OneDrive\Documents\projects\mmv\mmv_freelance\backend\node_modules\@cspotcode\source-map-support\source-map-support.js:811:30)
    at defaultResolveImpl (node:internal/modules/cjs/loader:1057:19)
    at resolveForCJSWithHooks (node:internal/modules/cjs/loader:1062:22)
    at Function._load (node:internal/modules/cjs/loader:1211:37)
    at TracingChannel.traceSync (node:diagnostics_channel:322:14)
    at wrapModuleLoad (node:internal/modules/cjs/loader:235:24)
    at Module.require (node:internal/modules/cjs/loader:1487:12)
    at require (node:internal/modules/helpers:135:16)
    at Object.<anonymous> (C:\Users\megha\OneDrive\Documents\projects\mmv\mmv_freelance\backend\src\services\user.services.ts:6:1)
2025-06-22 11:50:01 error: uncaughtException: Cannot find module 'bcrypt'
Require stack:
- C:\Users\megha\OneDrive\Documents\projects\mmv\mmv_freelance\backend\src\services\user.services.ts
- C:\Users\megha\OneDrive\Documents\projects\mmv\mmv_freelance\backend\src\controllers\users.controllers.ts
- C:\Users\megha\OneDrive\Documents\projects\mmv\mmv_freelance\backend\src\routes\users.route.ts
- C:\Users\megha\OneDrive\Documents\projects\mmv\mmv_freelance\backend\src\server.ts
Error: Cannot find module 'bcrypt'
Require stack:
- C:\Users\megha\OneDrive\Documents\projects\mmv\mmv_freelance\backend\src\services\user.services.ts
- C:\Users\megha\OneDrive\Documents\projects\mmv\mmv_freelance\backend\src\controllers\users.controllers.ts
- C:\Users\megha\OneDrive\Documents\projects\mmv\mmv_freelance\backend\src\routes\users.route.ts
- C:\Users\megha\OneDrive\Documents\projects\mmv\mmv_freelance\backend\src\server.ts
    at Function.<anonymous> (node:internal/modules/cjs/loader:1401:15)
    at Function.Module._resolveFilename.sharedData.moduleResolveFilenameHook.installedValue [as _resolveFilename] (C:\Users\megha\OneDrive\Documents\projects\mmv\mmv_freelance\backend\node_modules\@cspotcode\source-map-support\source-map-support.js:811:30)
    at defaultResolveImpl (node:internal/modules/cjs/loader:1057:19)
    at resolveForCJSWithHooks (node:internal/modules/cjs/loader:1062:22)
    at Function._load (node:internal/modules/cjs/loader:1211:37)
    at TracingChannel.traceSync (node:diagnostics_channel:322:14)
    at wrapModuleLoad (node:internal/modules/cjs/loader:235:24)
    at Module.require (node:internal/modules/cjs/loader:1487:12)
    at require (node:internal/modules/helpers:135:16)
    at Object.<anonymous> (C:\Users\megha\OneDrive\Documents\projects\mmv\mmv_freelance\backend\src\services\user.services.ts:6:1)
2025-06-22 11:50:03 error: uncaughtException: Cannot find module 'bcrypt'
Require stack:
- C:\Users\megha\OneDrive\Documents\projects\mmv\mmv_freelance\backend\src\services\user.services.ts
- C:\Users\megha\OneDrive\Documents\projects\mmv\mmv_freelance\backend\src\controllers\users.controllers.ts
- C:\Users\megha\OneDrive\Documents\projects\mmv\mmv_freelance\backend\src\routes\users.route.ts
- C:\Users\megha\OneDrive\Documents\projects\mmv\mmv_freelance\backend\src\server.ts
Error: Cannot find module 'bcrypt'
Require stack:
- C:\Users\megha\OneDrive\Documents\projects\mmv\mmv_freelance\backend\src\services\user.services.ts
- C:\Users\megha\OneDrive\Documents\projects\mmv\mmv_freelance\backend\src\controllers\users.controllers.ts
- C:\Users\megha\OneDrive\Documents\projects\mmv\mmv_freelance\backend\src\routes\users.route.ts
- C:\Users\megha\OneDrive\Documents\projects\mmv\mmv_freelance\backend\src\server.ts
    at Function.<anonymous> (node:internal/modules/cjs/loader:1401:15)
    at Function.Module._resolveFilename.sharedData.moduleResolveFilenameHook.installedValue [as _resolveFilename] (C:\Users\megha\OneDrive\Documents\projects\mmv\mmv_freelance\backend\node_modules\@cspotcode\source-map-support\source-map-support.js:811:30)
    at defaultResolveImpl (node:internal/modules/cjs/loader:1057:19)
    at resolveForCJSWithHooks (node:internal/modules/cjs/loader:1062:22)
    at Function._load (node:internal/modules/cjs/loader:1211:37)
    at TracingChannel.traceSync (node:diagnostics_channel:322:14)
    at wrapModuleLoad (node:internal/modules/cjs/loader:235:24)
    at Module.require (node:internal/modules/cjs/loader:1487:12)
    at require (node:internal/modules/helpers:135:16)
    at Object.<anonymous> (C:\Users\megha\OneDrive\Documents\projects\mmv\mmv_freelance\backend\src\services\user.services.ts:6:1)
2025-06-22 11:50:05 error: uncaughtException: Cannot find module 'bcrypt'
Require stack:
- C:\Users\megha\OneDrive\Documents\projects\mmv\mmv_freelance\backend\src\services\user.services.ts
- C:\Users\megha\OneDrive\Documents\projects\mmv\mmv_freelance\backend\src\controllers\users.controllers.ts
- C:\Users\megha\OneDrive\Documents\projects\mmv\mmv_freelance\backend\src\routes\users.route.ts
- C:\Users\megha\OneDrive\Documents\projects\mmv\mmv_freelance\backend\src\server.ts
Error: Cannot find module 'bcrypt'
Require stack:
- C:\Users\megha\OneDrive\Documents\projects\mmv\mmv_freelance\backend\src\services\user.services.ts
- C:\Users\megha\OneDrive\Documents\projects\mmv\mmv_freelance\backend\src\controllers\users.controllers.ts
- C:\Users\megha\OneDrive\Documents\projects\mmv\mmv_freelance\backend\src\routes\users.route.ts
- C:\Users\megha\OneDrive\Documents\projects\mmv\mmv_freelance\backend\src\server.ts
    at Function.<anonymous> (node:internal/modules/cjs/loader:1401:15)
    at Function.Module._resolveFilename.sharedData.moduleResolveFilenameHook.installedValue [as _resolveFilename] (C:\Users\megha\OneDrive\Documents\projects\mmv\mmv_freelance\backend\node_modules\@cspotcode\source-map-support\source-map-support.js:811:30)
    at defaultResolveImpl (node:internal/modules/cjs/loader:1057:19)
    at resolveForCJSWithHooks (node:internal/modules/cjs/loader:1062:22)
    at Function._load (node:internal/modules/cjs/loader:1211:37)
    at TracingChannel.traceSync (node:diagnostics_channel:322:14)
    at wrapModuleLoad (node:internal/modules/cjs/loader:235:24)
    at Module.require (node:internal/modules/cjs/loader:1487:12)
    at require (node:internal/modules/helpers:135:16)
    at Object.<anonymous> (C:\Users\megha\OneDrive\Documents\projects\mmv\mmv_freelance\backend\src\services\user.services.ts:6:1)
2025-06-22 11:51:22 error: uncaughtException: Cannot find module 'bcrypt'
Require stack:
- C:\Users\megha\OneDrive\Documents\projects\mmv\mmv_freelance\backend\src\services\user.services.ts
- C:\Users\megha\OneDrive\Documents\projects\mmv\mmv_freelance\backend\src\controllers\users.controllers.ts
- C:\Users\megha\OneDrive\Documents\projects\mmv\mmv_freelance\backend\src\routes\users.route.ts
- C:\Users\megha\OneDrive\Documents\projects\mmv\mmv_freelance\backend\src\server.ts
Error: Cannot find module 'bcrypt'
Require stack:
- C:\Users\megha\OneDrive\Documents\projects\mmv\mmv_freelance\backend\src\services\user.services.ts
- C:\Users\megha\OneDrive\Documents\projects\mmv\mmv_freelance\backend\src\controllers\users.controllers.ts
- C:\Users\megha\OneDrive\Documents\projects\mmv\mmv_freelance\backend\src\routes\users.route.ts
- C:\Users\megha\OneDrive\Documents\projects\mmv\mmv_freelance\backend\src\server.ts
    at Function.<anonymous> (node:internal/modules/cjs/loader:1401:15)
    at Function.Module._resolveFilename.sharedData.moduleResolveFilenameHook.installedValue [as _resolveFilename] (C:\Users\megha\OneDrive\Documents\projects\mmv\mmv_freelance\backend\node_modules\@cspotcode\source-map-support\source-map-support.js:811:30)
    at defaultResolveImpl (node:internal/modules/cjs/loader:1057:19)
    at resolveForCJSWithHooks (node:internal/modules/cjs/loader:1062:22)
    at Function._load (node:internal/modules/cjs/loader:1211:37)
    at TracingChannel.traceSync (node:diagnostics_channel:322:14)
    at wrapModuleLoad (node:internal/modules/cjs/loader:235:24)
    at Module.require (node:internal/modules/cjs/loader:1487:12)
    at require (node:internal/modules/helpers:135:16)
    at Object.<anonymous> (C:\Users\megha\OneDrive\Documents\projects\mmv\mmv_freelance\backend\src\services\user.services.ts:6:1)
2025-06-22 11:51:33 error: uncaughtException: Cannot find module 'bcrypt'
Require stack:
- C:\Users\megha\OneDrive\Documents\projects\mmv\mmv_freelance\backend\src\services\user.services.ts
- C:\Users\megha\OneDrive\Documents\projects\mmv\mmv_freelance\backend\src\controllers\users.controllers.ts
- C:\Users\megha\OneDrive\Documents\projects\mmv\mmv_freelance\backend\src\routes\users.route.ts
- C:\Users\megha\OneDrive\Documents\projects\mmv\mmv_freelance\backend\src\server.ts
Error: Cannot find module 'bcrypt'
Require stack:
- C:\Users\megha\OneDrive\Documents\projects\mmv\mmv_freelance\backend\src\services\user.services.ts
- C:\Users\megha\OneDrive\Documents\projects\mmv\mmv_freelance\backend\src\controllers\users.controllers.ts
- C:\Users\megha\OneDrive\Documents\projects\mmv\mmv_freelance\backend\src\routes\users.route.ts
- C:\Users\megha\OneDrive\Documents\projects\mmv\mmv_freelance\backend\src\server.ts
    at Function.<anonymous> (node:internal/modules/cjs/loader:1401:15)
    at Function.Module._resolveFilename.sharedData.moduleResolveFilenameHook.installedValue [as _resolveFilename] (C:\Users\megha\OneDrive\Documents\projects\mmv\mmv_freelance\backend\node_modules\@cspotcode\source-map-support\source-map-support.js:811:30)
    at defaultResolveImpl (node:internal/modules/cjs/loader:1057:19)
    at resolveForCJSWithHooks (node:internal/modules/cjs/loader:1062:22)
    at Function._load (node:internal/modules/cjs/loader:1211:37)
    at TracingChannel.traceSync (node:diagnostics_channel:322:14)
    at wrapModuleLoad (node:internal/modules/cjs/loader:235:24)
    at Module.require (node:internal/modules/cjs/loader:1487:12)
    at require (node:internal/modules/helpers:135:16)
    at Object.<anonymous> (C:\Users\megha\OneDrive\Documents\projects\mmv\mmv_freelance\backend\src\services\user.services.ts:6:1)
2025-06-22 11:51:43 error: uncaughtException: Cannot find module 'bcrypt'
Require stack:
- C:\Users\megha\OneDrive\Documents\projects\mmv\mmv_freelance\backend\src\services\user.services.ts
- C:\Users\megha\OneDrive\Documents\projects\mmv\mmv_freelance\backend\src\controllers\users.controllers.ts
- C:\Users\megha\OneDrive\Documents\projects\mmv\mmv_freelance\backend\src\routes\users.route.ts
- C:\Users\megha\OneDrive\Documents\projects\mmv\mmv_freelance\backend\src\server.ts
Error: Cannot find module 'bcrypt'
Require stack:
- C:\Users\megha\OneDrive\Documents\projects\mmv\mmv_freelance\backend\src\services\user.services.ts
- C:\Users\megha\OneDrive\Documents\projects\mmv\mmv_freelance\backend\src\controllers\users.controllers.ts
- C:\Users\megha\OneDrive\Documents\projects\mmv\mmv_freelance\backend\src\routes\users.route.ts
- C:\Users\megha\OneDrive\Documents\projects\mmv\mmv_freelance\backend\src\server.ts
    at Function.<anonymous> (node:internal/modules/cjs/loader:1401:15)
    at Function.Module._resolveFilename.sharedData.moduleResolveFilenameHook.installedValue [as _resolveFilename] (C:\Users\megha\OneDrive\Documents\projects\mmv\mmv_freelance\backend\node_modules\@cspotcode\source-map-support\source-map-support.js:811:30)
    at defaultResolveImpl (node:internal/modules/cjs/loader:1057:19)
    at resolveForCJSWithHooks (node:internal/modules/cjs/loader:1062:22)
    at Function._load (node:internal/modules/cjs/loader:1211:37)
    at TracingChannel.traceSync (node:diagnostics_channel:322:14)
    at wrapModuleLoad (node:internal/modules/cjs/loader:235:24)
    at Module.require (node:internal/modules/cjs/loader:1487:12)
    at require (node:internal/modules/helpers:135:16)
    at Object.<anonymous> (C:\Users\megha\OneDrive\Documents\projects\mmv\mmv_freelance\backend\src\services\user.services.ts:6:1)
2025-06-22 11:51:46 error: uncaughtException: Cannot find module 'bcrypt'
Require stack:
- C:\Users\megha\OneDrive\Documents\projects\mmv\mmv_freelance\backend\src\services\user.services.ts
- C:\Users\megha\OneDrive\Documents\projects\mmv\mmv_freelance\backend\src\controllers\users.controllers.ts
- C:\Users\megha\OneDrive\Documents\projects\mmv\mmv_freelance\backend\src\routes\users.route.ts
- C:\Users\megha\OneDrive\Documents\projects\mmv\mmv_freelance\backend\src\server.ts
Error: Cannot find module 'bcrypt'
Require stack:
- C:\Users\megha\OneDrive\Documents\projects\mmv\mmv_freelance\backend\src\services\user.services.ts
- C:\Users\megha\OneDrive\Documents\projects\mmv\mmv_freelance\backend\src\controllers\users.controllers.ts
- C:\Users\megha\OneDrive\Documents\projects\mmv\mmv_freelance\backend\src\routes\users.route.ts
- C:\Users\megha\OneDrive\Documents\projects\mmv\mmv_freelance\backend\src\server.ts
    at Function.<anonymous> (node:internal/modules/cjs/loader:1401:15)
    at Function.Module._resolveFilename.sharedData.moduleResolveFilenameHook.installedValue [as _resolveFilename] (C:\Users\megha\OneDrive\Documents\projects\mmv\mmv_freelance\backend\node_modules\@cspotcode\source-map-support\source-map-support.js:811:30)
    at defaultResolveImpl (node:internal/modules/cjs/loader:1057:19)
    at resolveForCJSWithHooks (node:internal/modules/cjs/loader:1062:22)
    at Function._load (node:internal/modules/cjs/loader:1211:37)
    at TracingChannel.traceSync (node:diagnostics_channel:322:14)
    at wrapModuleLoad (node:internal/modules/cjs/loader:235:24)
    at Module.require (node:internal/modules/cjs/loader:1487:12)
    at require (node:internal/modules/helpers:135:16)
    at Object.<anonymous> (C:\Users\megha\OneDrive\Documents\projects\mmv\mmv_freelance\backend\src\services\user.services.ts:6:1)
2025-06-22 11:51:49 error: uncaughtException: Cannot find module 'bcrypt'
Require stack:
- C:\Users\megha\OneDrive\Documents\projects\mmv\mmv_freelance\backend\src\services\user.services.ts
- C:\Users\megha\OneDrive\Documents\projects\mmv\mmv_freelance\backend\src\controllers\users.controllers.ts
- C:\Users\megha\OneDrive\Documents\projects\mmv\mmv_freelance\backend\src\routes\users.route.ts
- C:\Users\megha\OneDrive\Documents\projects\mmv\mmv_freelance\backend\src\server.ts
Error: Cannot find module 'bcrypt'
Require stack:
- C:\Users\megha\OneDrive\Documents\projects\mmv\mmv_freelance\backend\src\services\user.services.ts
- C:\Users\megha\OneDrive\Documents\projects\mmv\mmv_freelance\backend\src\controllers\users.controllers.ts
- C:\Users\megha\OneDrive\Documents\projects\mmv\mmv_freelance\backend\src\routes\users.route.ts
- C:\Users\megha\OneDrive\Documents\projects\mmv\mmv_freelance\backend\src\server.ts
    at Function.<anonymous> (node:internal/modules/cjs/loader:1401:15)
    at Function.Module._resolveFilename.sharedData.moduleResolveFilenameHook.installedValue [as _resolveFilename] (C:\Users\megha\OneDrive\Documents\projects\mmv\mmv_freelance\backend\node_modules\@cspotcode\source-map-support\source-map-support.js:811:30)
    at defaultResolveImpl (node:internal/modules/cjs/loader:1057:19)
    at resolveForCJSWithHooks (node:internal/modules/cjs/loader:1062:22)
    at Function._load (node:internal/modules/cjs/loader:1211:37)
    at TracingChannel.traceSync (node:diagnostics_channel:322:14)
    at wrapModuleLoad (node:internal/modules/cjs/loader:235:24)
    at Module.require (node:internal/modules/cjs/loader:1487:12)
    at require (node:internal/modules/helpers:135:16)
    at Object.<anonymous> (C:\Users\megha\OneDrive\Documents\projects\mmv\mmv_freelance\backend\src\services\user.services.ts:6:1)
2025-06-22 11:51:52 error: uncaughtException: Cannot find module 'bcrypt'
Require stack:
- C:\Users\megha\OneDrive\Documents\projects\mmv\mmv_freelance\backend\src\services\user.services.ts
- C:\Users\megha\OneDrive\Documents\projects\mmv\mmv_freelance\backend\src\controllers\users.controllers.ts
- C:\Users\megha\OneDrive\Documents\projects\mmv\mmv_freelance\backend\src\routes\users.route.ts
- C:\Users\megha\OneDrive\Documents\projects\mmv\mmv_freelance\backend\src\server.ts
Error: Cannot find module 'bcrypt'
Require stack:
- C:\Users\megha\OneDrive\Documents\projects\mmv\mmv_freelance\backend\src\services\user.services.ts
- C:\Users\megha\OneDrive\Documents\projects\mmv\mmv_freelance\backend\src\controllers\users.controllers.ts
- C:\Users\megha\OneDrive\Documents\projects\mmv\mmv_freelance\backend\src\routes\users.route.ts
- C:\Users\megha\OneDrive\Documents\projects\mmv\mmv_freelance\backend\src\server.ts
    at Function.<anonymous> (node:internal/modules/cjs/loader:1401:15)
    at Function.Module._resolveFilename.sharedData.moduleResolveFilenameHook.installedValue [as _resolveFilename] (C:\Users\megha\OneDrive\Documents\projects\mmv\mmv_freelance\backend\node_modules\@cspotcode\source-map-support\source-map-support.js:811:30)
    at defaultResolveImpl (node:internal/modules/cjs/loader:1057:19)
    at resolveForCJSWithHooks (node:internal/modules/cjs/loader:1062:22)
    at Function._load (node:internal/modules/cjs/loader:1211:37)
    at TracingChannel.traceSync (node:diagnostics_channel:322:14)
    at wrapModuleLoad (node:internal/modules/cjs/loader:235:24)
    at Module.require (node:internal/modules/cjs/loader:1487:12)
    at require (node:internal/modules/helpers:135:16)
    at Object.<anonymous> (C:\Users\megha\OneDrive\Documents\projects\mmv\mmv_freelance\backend\src\services\user.services.ts:6:1)
2025-06-22 11:52:25 error: uncaughtException: Reflect.getMetadata is not a function
TypeError: Reflect.getMetadata is not a function
    at C:\Users\megha\OneDrive\Documents\projects\mmv\mmv_freelance\backend\node_modules\src\decorators\type.decorator.ts:15:44
    at __decorate (C:\Users\megha\OneDrive\Documents\projects\mmv\mmv_freelance\backend\src\dtos\projectstask.dto.ts:5:110)
    at Object.<anonymous> (C:\Users\megha\OneDrive\Documents\projects\mmv\mmv_freelance\backend\src\dtos\projectstask.dto.ts:40:5)
    at Module._compile (node:internal/modules/cjs/loader:1730:14)
    at Module.m._compile (C:\Users\megha\OneDrive\Documents\projects\mmv\mmv_freelance\backend\node_modules\ts-node\src\index.ts:1618:23)
    at node:internal/modules/cjs/loader:1895:10
    at Object.require.extensions.<computed> [as .ts] (C:\Users\megha\OneDrive\Documents\projects\mmv\mmv_freelance\backend\node_modules\ts-node\src\index.ts:1621:12)
    at Module.load (node:internal/modules/cjs/loader:1465:32)
    at Function._load (node:internal/modules/cjs/loader:1282:12)
    at TracingChannel.traceSync (node:diagnostics_channel:322:14)
2025-06-22 11:52:30 error: uncaughtException: Cannot find module 'bcrypt'
Require stack:
- C:\Users\megha\OneDrive\Documents\projects\mmv\mmv_freelance\backend\src\services\user.services.ts
- C:\Users\megha\OneDrive\Documents\projects\mmv\mmv_freelance\backend\src\controllers\users.controllers.ts
- C:\Users\megha\OneDrive\Documents\projects\mmv\mmv_freelance\backend\src\routes\users.route.ts
- C:\Users\megha\OneDrive\Documents\projects\mmv\mmv_freelance\backend\src\server.ts
Error: Cannot find module 'bcrypt'
Require stack:
- C:\Users\megha\OneDrive\Documents\projects\mmv\mmv_freelance\backend\src\services\user.services.ts
- C:\Users\megha\OneDrive\Documents\projects\mmv\mmv_freelance\backend\src\controllers\users.controllers.ts
- C:\Users\megha\OneDrive\Documents\projects\mmv\mmv_freelance\backend\src\routes\users.route.ts
- C:\Users\megha\OneDrive\Documents\projects\mmv\mmv_freelance\backend\src\server.ts
    at Function.<anonymous> (node:internal/modules/cjs/loader:1401:15)
    at Function.Module._resolveFilename.sharedData.moduleResolveFilenameHook.installedValue [as _resolveFilename] (C:\Users\megha\OneDrive\Documents\projects\mmv\mmv_freelance\backend\node_modules\@cspotcode\source-map-support\source-map-support.js:811:30)
    at defaultResolveImpl (node:internal/modules/cjs/loader:1057:19)
    at resolveForCJSWithHooks (node:internal/modules/cjs/loader:1062:22)
    at Function._load (node:internal/modules/cjs/loader:1211:37)
    at TracingChannel.traceSync (node:diagnostics_channel:322:14)
    at wrapModuleLoad (node:internal/modules/cjs/loader:235:24)
    at Module.require (node:internal/modules/cjs/loader:1487:12)
    at require (node:internal/modules/helpers:135:16)
    at Object.<anonymous> (C:\Users\megha\OneDrive\Documents\projects\mmv\mmv_freelance\backend\src\services\user.services.ts:6:1)
2025-06-22 11:53:59 error: uncaughtException: Reflect.getMetadata is not a function
TypeError: Reflect.getMetadata is not a function
    at C:\Users\megha\OneDrive\Documents\projects\mmv\mmv_freelance\backend\node_modules\src\decorators\type.decorator.ts:15:44
    at __decorate (C:\Users\megha\OneDrive\Documents\projects\mmv\mmv_freelance\backend\src\dtos\projectstask.dto.ts:5:110)
    at Object.<anonymous> (C:\Users\megha\OneDrive\Documents\projects\mmv\mmv_freelance\backend\src\dtos\projectstask.dto.ts:40:5)
    at Module._compile (node:internal/modules/cjs/loader:1730:14)
    at Module.m._compile (C:\Users\megha\OneDrive\Documents\projects\mmv\mmv_freelance\backend\node_modules\ts-node\src\index.ts:1618:23)
    at node:internal/modules/cjs/loader:1895:10
    at Object.require.extensions.<computed> [as .ts] (C:\Users\megha\OneDrive\Documents\projects\mmv\mmv_freelance\backend\node_modules\ts-node\src\index.ts:1621:12)
    at Module.load (node:internal/modules/cjs/loader:1465:32)
    at Function._load (node:internal/modules/cjs/loader:1282:12)
    at TracingChannel.traceSync (node:diagnostics_channel:322:14)
2025-06-22 12:07:05 error: StatusCode : 401, Message : Wrong authentication token
2025-06-22 12:09:47 error: StatusCode : 401, Message : Wrong authentication token
2025-06-22 12:14:52 error: StatusCode : 401, Message : Wrong authentication token
2025-06-22 12:20:31 error: StatusCode : 500, Message : update "projects_task" set "client_id" = $1, "editor_id" = $2, "project_title" = $3, "project_category" = $4, "Deadline" = $5, "project_description" = $6, "Budget" = $7, "skills_required" = $8, "reference_links" = $9, "additional_notes" = $10, "status" = $11, "projects_type" = $12, "project_format" = $13, "audio_voiceover" = $14, "video_length" = $15, "preferred_video_style" = $16, "sample_project_file" = $17, "project_files" = $18, "show_all_files" = $19, "is_active" = $20, "created_by" = $21, "is_deleted" = $22, "deleted_by" = $23 where "projects_task_id" = $24 returning * - invalid input syntax for type json
2025-06-22 12:23:19 error: StatusCode : 500, Message : update "projects_task" set "client_id" = $1, "editor_id" = $2, "project_title" = $3, "project_category" = $4, "Deadline" = $5, "project_description" = $6, "Budget" = $7, "skills_required" = $8, "reference_links" = $9, "additional_notes" = $10, "status" = $11, "projects_type" = $12, "project_format" = $13, "audio_voiceover" = $14, "video_length" = $15, "preferred_video_style" = $16, "sample_project_file" = $17, "project_files" = $18, "show_all_files" = $19, "is_active" = $20, "created_by" = $21, "is_deleted" = $22, "deleted_by" = $23 where "projects_task_id" = $24 returning * - invalid input syntax for type json
2025-06-22 12:30:05 error: uncaughtException: тип Unable to compile TypeScript:
[96msrc/services/projectstask.services.ts[0m:[93m62[0m:[93m12[0m - [91merror[0m[90m TS1109: [0mExpression expected.

[7m62[0m       if ( !== undefined) {
[7m  [0m [91m           ~~~[0m

TSError: тип Unable to compile TypeScript:
[96msrc/services/projectstask.services.ts[0m:[93m62[0m:[93m12[0m - [91merror[0m[90m TS1109: [0mExpression expected.

[7m62[0m       if ( !== undefined) {
[7m  [0m [91m           ~~~[0m

    at createTSError (C:\Users\megha\OneDrive\Documents\projects\mmv\mmv_freelance\backend\node_modules\ts-node\src\index.ts:859:12)
    at reportTSError (C:\Users\megha\OneDrive\Documents\projects\mmv\mmv_freelance\backend\node_modules\ts-node\src\index.ts:863:19)
    at C:\Users\megha\OneDrive\Documents\projects\mmv\mmv_freelance\backend\node_modules\ts-node\src\index.ts:1379:34
    at Object.compile (C:\Users\megha\OneDrive\Documents\projects\mmv\mmv_freelance\backend\node_modules\ts-node\src\index.ts:1458:13)
    at Module.m._compile (C:\Users\megha\OneDrive\Documents\projects\mmv\mmv_freelance\backend\node_modules\ts-node\src\index.ts:1617:30)
    at node:internal/modules/cjs/loader:1895:10
    at Object.require.extensions.<computed> [as .ts] (C:\Users\megha\OneDrive\Documents\projects\mmv\mmv_freelance\backend\node_modules\ts-node\src\index.ts:1621:12)
    at Module.load (node:internal/modules/cjs/loader:1465:32)
    at Function._load (node:internal/modules/cjs/loader:1282:12)
    at TracingChannel.traceSync (node:diagnostics_channel:322:14)
2025-06-22 12:30:38 error: uncaughtException: тип Unable to compile TypeScript:
[96msrc/services/projectstask.services.ts[0m:[93m63[0m:[93m9[0m - [91merror[0m[90m TS1128: [0mDeclaration or statement expected.

[7m63[0m         ] = JSON.stringify(data[key as keyof ProjectsTaskDto]) as any;
[7m  [0m [91m        ~[0m
[96msrc/services/projectstask.services.ts[0m:[93m63[0m:[93m11[0m - [91merror[0m[90m TS1128: [0mDeclaration or statement expected.

[7m63[0m         ] = JSON.stringify(data[key as keyof ProjectsTaskDto]) as any;
[7m  [0m [91m          ~[0m

TSError: тип Unable to compile TypeScript:
[96msrc/services/projectstask.services.ts[0m:[93m63[0m:[93m9[0m - [91merror[0m[90m TS1128: [0mDeclaration or statement expected.

[7m63[0m         ] = JSON.stringify(data[key as keyof ProjectsTaskDto]) as any;
[7m  [0m [91m        ~[0m
[96msrc/services/projectstask.services.ts[0m:[93m63[0m:[93m11[0m - [91merror[0m[90m TS1128: [0mDeclaration or statement expected.

[7m63[0m         ] = JSON.stringify(data[key as keyof ProjectsTaskDto]) as any;
[7m  [0m [91m          ~[0m

    at createTSError (C:\Users\megha\OneDrive\Documents\projects\mmv\mmv_freelance\backend\node_modules\ts-node\src\index.ts:859:12)
    at reportTSError (C:\Users\megha\OneDrive\Documents\projects\mmv\mmv_freelance\backend\node_modules\ts-node\src\index.ts:863:19)
    at C:\Users\megha\OneDrive\Documents\projects\mmv\mmv_freelance\backend\node_modules\ts-node\src\index.ts:1379:34
    at Object.compile (C:\Users\megha\OneDrive\Documents\projects\mmv\mmv_freelance\backend\node_modules\ts-node\src\index.ts:1458:13)
    at Module.m._compile (C:\Users\megha\OneDrive\Documents\projects\mmv\mmv_freelance\backend\node_modules\ts-node\src\index.ts:1617:30)
    at node:internal/modules/cjs/loader:1895:10
    at Object.require.extensions.<computed> [as .ts] (C:\Users\megha\OneDrive\Documents\projects\mmv\mmv_freelance\backend\node_modules\ts-node\src\index.ts:1621:12)
    at Module.load (node:internal/modules/cjs/loader:1465:32)
    at Function._load (node:internal/modules/cjs/loader:1282:12)
    at TracingChannel.traceSync (node:diagnostics_channel:322:14)
2025-06-22 12:30:44 error: uncaughtException: тип Unable to compile TypeScript:
[96msrc/services/projectstask.services.ts[0m:[93m63[0m:[93m9[0m - [91merror[0m[90m TS1434: [0mUnexpected keyword or identifier.

[7m63[0m         updatedData] = JSON.stringify(data[key as keyof ProjectsTaskDto]) as any;
[7m  [0m [91m        ~~~~~~~~~~~[0m
[96msrc/services/projectstask.services.ts[0m:[93m63[0m:[93m20[0m - [91merror[0m[90m TS1128: [0mDeclaration or statement expected.

[7m63[0m         updatedData] = JSON.stringify(data[key as keyof ProjectsTaskDto]) as any;
[7m  [0m [91m                   ~[0m
[96msrc/services/projectstask.services.ts[0m:[93m63[0m:[93m22[0m - [91merror[0m[90m TS1128: [0mDeclaration or statement expected.

[7m63[0m         updatedData] = JSON.stringify(data[key as keyof ProjectsTaskDto]) as any;
[7m  [0m [91m                     ~[0m

TSError: тип Unable to compile TypeScript:
[96msrc/services/projectstask.services.ts[0m:[93m63[0m:[93m9[0m - [91merror[0m[90m TS1434: [0mUnexpected keyword or identifier.

[7m63[0m         updatedData] = JSON.stringify(data[key as keyof ProjectsTaskDto]) as any;
[7m  [0m [91m        ~~~~~~~~~~~[0m
[96msrc/services/projectstask.services.ts[0m:[93m63[0m:[93m20[0m - [91merror[0m[90m TS1128: [0mDeclaration or statement expected.

[7m63[0m         updatedData] = JSON.stringify(data[key as keyof ProjectsTaskDto]) as any;
[7m  [0m [91m                   ~[0m
[96msrc/services/projectstask.services.ts[0m:[93m63[0m:[93m22[0m - [91merror[0m[90m TS1128: [0mDeclaration or statement expected.

[7m63[0m         updatedData] = JSON.stringify(data[key as keyof ProjectsTaskDto]) as any;
[7m  [0m [91m                     ~[0m

    at createTSError (C:\Users\megha\OneDrive\Documents\projects\mmv\mmv_freelance\backend\node_modules\ts-node\src\index.ts:859:12)
    at reportTSError (C:\Users\megha\OneDrive\Documents\projects\mmv\mmv_freelance\backend\node_modules\ts-node\src\index.ts:863:19)
    at C:\Users\megha\OneDrive\Documents\projects\mmv\mmv_freelance\backend\node_modules\ts-node\src\index.ts:1379:34
    at Object.compile (C:\Users\megha\OneDrive\Documents\projects\mmv\mmv_freelance\backend\node_modules\ts-node\src\index.ts:1458:13)
    at Module.m._compile (C:\Users\megha\OneDrive\Documents\projects\mmv\mmv_freelance\backend\node_modules\ts-node\src\index.ts:1617:30)
    at node:internal/modules/cjs/loader:1895:10
    at Object.require.extensions.<computed> [as .ts] (C:\Users\megha\OneDrive\Documents\projects\mmv\mmv_freelance\backend\node_modules\ts-node\src\index.ts:1621:12)
    at Module.load (node:internal/modules/cjs/loader:1465:32)
    at Function._load (node:internal/modules/cjs/loader:1282:12)
    at TracingChannel.traceSync (node:diagnostics_channel:322:14)
2025-06-22 12:30:46 error: uncaughtException: тип Unable to compile TypeScript:
[96msrc/services/projectstask.services.ts[0m:[93m63[0m:[93m9[0m - [91merror[0m[90m TS1434: [0mUnexpected keyword or identifier.

[7m63[0m         updatedData{}] = JSON.stringify(data[key as keyof ProjectsTaskDto]) as any;
[7m  [0m [91m        ~~~~~~~~~~~[0m
[96msrc/services/projectstask.services.ts[0m:[93m63[0m:[93m22[0m - [91merror[0m[90m TS1128: [0mDeclaration or statement expected.

[7m63[0m         updatedData{}] = JSON.stringify(data[key as keyof ProjectsTaskDto]) as any;
[7m  [0m [91m                     ~[0m
[96msrc/services/projectstask.services.ts[0m:[93m63[0m:[93m24[0m - [91merror[0m[90m TS1128: [0mDeclaration or statement expected.

[7m63[0m         updatedData{}] = JSON.stringify(data[key as keyof ProjectsTaskDto]) as any;
[7m  [0m [91m                       ~[0m

TSError: тип Unable to compile TypeScript:
[96msrc/services/projectstask.services.ts[0m:[93m63[0m:[93m9[0m - [91merror[0m[90m TS1434: [0mUnexpected keyword or identifier.

[7m63[0m         updatedData{}] = JSON.stringify(data[key as keyof ProjectsTaskDto]) as any;
[7m  [0m [91m        ~~~~~~~~~~~[0m
[96msrc/services/projectstask.services.ts[0m:[93m63[0m:[93m22[0m - [91merror[0m[90m TS1128: [0mDeclaration or statement expected.

[7m63[0m         updatedData{}] = JSON.stringify(data[key as keyof ProjectsTaskDto]) as any;
[7m  [0m [91m                     ~[0m
[96msrc/services/projectstask.services.ts[0m:[93m63[0m:[93m24[0m - [91merror[0m[90m TS1128: [0mDeclaration or statement expected.

[7m63[0m         updatedData{}] = JSON.stringify(data[key as keyof ProjectsTaskDto]) as any;
[7m  [0m [91m                       ~[0m

    at createTSError (C:\Users\megha\OneDrive\Documents\projects\mmv\mmv_freelance\backend\node_modules\ts-node\src\index.ts:859:12)
    at reportTSError (C:\Users\megha\OneDrive\Documents\projects\mmv\mmv_freelance\backend\node_modules\ts-node\src\index.ts:863:19)
    at C:\Users\megha\OneDrive\Documents\projects\mmv\mmv_freelance\backend\node_modules\ts-node\src\index.ts:1379:34
    at Object.compile (C:\Users\megha\OneDrive\Documents\projects\mmv\mmv_freelance\backend\node_modules\ts-node\src\index.ts:1458:13)
    at Module.m._compile (C:\Users\megha\OneDrive\Documents\projects\mmv\mmv_freelance\backend\node_modules\ts-node\src\index.ts:1617:30)
    at node:internal/modules/cjs/loader:1895:10
    at Object.require.extensions.<computed> [as .ts] (C:\Users\megha\OneDrive\Documents\projects\mmv\mmv_freelance\backend\node_modules\ts-node\src\index.ts:1621:12)
    at Module.load (node:internal/modules/cjs/loader:1465:32)
    at Function._load (node:internal/modules/cjs/loader:1282:12)
    at TracingChannel.traceSync (node:diagnostics_channel:322:14)
2025-06-22 12:30:48 error: uncaughtException: тип Unable to compile TypeScript:
[96msrc/services/projectstask.services.ts[0m:[93m63[0m:[93m21[0m - [91merror[0m[90m TS1011: [0mAn element access expression should take an argument.

[7m63[0m         updatedData[]] = JSON.stringify(data[key as keyof ProjectsTaskDto]) as any;
[7m  [0m [91m                    [0m
[96msrc/services/projectstask.services.ts[0m:[93m63[0m:[93m22[0m - [91merror[0m[90m TS1005: [0m';' expected.

[7m63[0m         updatedData[]] = JSON.stringify(data[key as keyof ProjectsTaskDto]) as any;
[7m  [0m [91m                     ~[0m
[96msrc/services/projectstask.services.ts[0m:[93m63[0m:[93m24[0m - [91merror[0m[90m TS1128: [0mDeclaration or statement expected.

[7m63[0m         updatedData[]] = JSON.stringify(data[key as keyof ProjectsTaskDto]) as any;
[7m  [0m [91m                       ~[0m

TSError: тип Unable to compile TypeScript:
[96msrc/services/projectstask.services.ts[0m:[93m63[0m:[93m21[0m - [91merror[0m[90m TS1011: [0mAn element access expression should take an argument.

[7m63[0m         updatedData[]] = JSON.stringify(data[key as keyof ProjectsTaskDto]) as any;
[7m  [0m [91m                    [0m
[96msrc/services/projectstask.services.ts[0m:[93m63[0m:[93m22[0m - [91merror[0m[90m TS1005: [0m';' expected.

[7m63[0m         updatedData[]] = JSON.stringify(data[key as keyof ProjectsTaskDto]) as any;
[7m  [0m [91m                     ~[0m
[96msrc/services/projectstask.services.ts[0m:[93m63[0m:[93m24[0m - [91merror[0m[90m TS1128: [0mDeclaration or statement expected.

[7m63[0m         updatedData[]] = JSON.stringify(data[key as keyof ProjectsTaskDto]) as any;
[7m  [0m [91m                       ~[0m

    at createTSError (C:\Users\megha\OneDrive\Documents\projects\mmv\mmv_freelance\backend\node_modules\ts-node\src\index.ts:859:12)
    at reportTSError (C:\Users\megha\OneDrive\Documents\projects\mmv\mmv_freelance\backend\node_modules\ts-node\src\index.ts:863:19)
    at C:\Users\megha\OneDrive\Documents\projects\mmv\mmv_freelance\backend\node_modules\ts-node\src\index.ts:1379:34
    at Object.compile (C:\Users\megha\OneDrive\Documents\projects\mmv\mmv_freelance\backend\node_modules\ts-node\src\index.ts:1458:13)
    at Module.m._compile (C:\Users\megha\OneDrive\Documents\projects\mmv\mmv_freelance\backend\node_modules\ts-node\src\index.ts:1617:30)
    at node:internal/modules/cjs/loader:1895:10
    at Object.require.extensions.<computed> [as .ts] (C:\Users\megha\OneDrive\Documents\projects\mmv\mmv_freelance\backend\node_modules\ts-node\src\index.ts:1621:12)
    at Module.load (node:internal/modules/cjs/loader:1465:32)
    at Function._load (node:internal/modules/cjs/loader:1282:12)
    at TracingChannel.traceSync (node:diagnostics_channel:322:14)
2025-06-22 12:31:26 error: uncaughtException: тип Unable to compile TypeScript:
[96msrc/services/projectstask.services.ts[0m:[93m63[0m:[93m48[0m - [91merror[0m[90m TS1011: [0mAn element access expression should take an argument.

[7m63[0m         updatedData[key] = JSON.stringify(data[]) as any;
[7m  [0m [91m                                               [0m

TSError: тип Unable to compile TypeScript:
[96msrc/services/projectstask.services.ts[0m:[93m63[0m:[93m48[0m - [91merror[0m[90m TS1011: [0mAn element access expression should take an argument.

[7m63[0m         updatedData[key] = JSON.stringify(data[]) as any;
[7m  [0m [91m                                               [0m

    at createTSError (C:\Users\megha\OneDrive\Documents\projects\mmv\mmv_freelance\backend\node_modules\ts-node\src\index.ts:859:12)
    at reportTSError (C:\Users\megha\OneDrive\Documents\projects\mmv\mmv_freelance\backend\node_modules\ts-node\src\index.ts:863:19)
    at C:\Users\megha\OneDrive\Documents\projects\mmv\mmv_freelance\backend\node_modules\ts-node\src\index.ts:1379:34
    at Object.compile (C:\Users\megha\OneDrive\Documents\projects\mmv\mmv_freelance\backend\node_modules\ts-node\src\index.ts:1458:13)
    at Module.m._compile (C:\Users\megha\OneDrive\Documents\projects\mmv\mmv_freelance\backend\node_modules\ts-node\src\index.ts:1617:30)
    at node:internal/modules/cjs/loader:1895:10
    at Object.require.extensions.<computed> [as .ts] (C:\Users\megha\OneDrive\Documents\projects\mmv\mmv_freelance\backend\node_modules\ts-node\src\index.ts:1621:12)
    at Module.load (node:internal/modules/cjs/loader:1465:32)
    at Function._load (node:internal/modules/cjs/loader:1282:12)
    at TracingChannel.traceSync (node:diagnostics_channel:322:14)
2025-06-22 12:31:41 error: uncaughtException: тип Unable to compile TypeScript:
[96msrc/services/projectstask.services.ts[0m:[93m63[0m:[93m64[0m - [91merror[0m[90m TS1005: [0m']' expected.

[7m63[0m         updatedData[key] = JSON.stringify(data[updatedData[key]) as any;
[7m  [0m [91m                                                               ~[0m

TSError: тип Unable to compile TypeScript:
[96msrc/services/projectstask.services.ts[0m:[93m63[0m:[93m64[0m - [91merror[0m[90m TS1005: [0m']' expected.

[7m63[0m         updatedData[key] = JSON.stringify(data[updatedData[key]) as any;
[7m  [0m [91m                                                               ~[0m

    at createTSError (C:\Users\megha\OneDrive\Documents\projects\mmv\mmv_freelance\backend\node_modules\ts-node\src\index.ts:859:12)
    at reportTSError (C:\Users\megha\OneDrive\Documents\projects\mmv\mmv_freelance\backend\node_modules\ts-node\src\index.ts:863:19)
    at C:\Users\megha\OneDrive\Documents\projects\mmv\mmv_freelance\backend\node_modules\ts-node\src\index.ts:1379:34
    at Object.compile (C:\Users\megha\OneDrive\Documents\projects\mmv\mmv_freelance\backend\node_modules\ts-node\src\index.ts:1458:13)
    at Module.m._compile (C:\Users\megha\OneDrive\Documents\projects\mmv\mmv_freelance\backend\node_modules\ts-node\src\index.ts:1617:30)
    at node:internal/modules/cjs/loader:1895:10
    at Object.require.extensions.<computed> [as .ts] (C:\Users\megha\OneDrive\Documents\projects\mmv\mmv_freelance\backend\node_modules\ts-node\src\index.ts:1621:12)
    at Module.load (node:internal/modules/cjs/loader:1465:32)
    at Function._load (node:internal/modules/cjs/loader:1282:12)
    at TracingChannel.traceSync (node:diagnostics_channel:322:14)
2025-06-22 12:40:12 error: StatusCode : 401, Message : Wrong authentication token
2025-06-22 12:41:38 error: StatusCode : 400, Message : Expected ',' or '}' after property value in JSON at position 25 (line 2 column 23)
2025-06-22 12:41:39 error: StatusCode : 400, Message : Expected ',' or '}' after property value in JSON at position 25 (line 2 column 23)
2025-06-22 12:55:51 error: uncaughtException: Route.get() requires a callback function but got a [object Undefined]
Error: Route.get() requires a callback function but got a [object Undefined]
    at Route.<computed> [as get] (C:\Users\megha\OneDrive\Documents\projects\mmv\mmv_freelance\backend\node_modules\express\lib\router\route.js:216:15)
    at Function.proto.<computed> [as get] (C:\Users\megha\OneDrive\Documents\projects\mmv\mmv_freelance\backend\node_modules\express\lib\router\index.js:521:19)
    at projectstaskRoute.initializeRoutes (C:\Users\megha\OneDrive\Documents\projects\mmv\mmv_freelance\backend\src\routes\projectstask.routes.ts:29:17)
    at new projectstaskRoute (C:\Users\megha\OneDrive\Documents\projects\mmv\mmv_freelance\backend\src\routes\projectstask.routes.ts:16:10)
    at Object.<anonymous> (C:\Users\megha\OneDrive\Documents\projects\mmv\mmv_freelance\backend\src\server.ts:11:41)
    at Module._compile (node:internal/modules/cjs/loader:1730:14)
    at Module.m._compile (C:\Users\megha\OneDrive\Documents\projects\mmv\mmv_freelance\backend\node_modules\ts-node\src\index.ts:1618:23)
    at node:internal/modules/cjs/loader:1895:10
    at Object.require.extensions.<computed> [as .ts] (C:\Users\megha\OneDrive\Documents\projects\mmv\mmv_freelance\backend\node_modules\ts-node\src\index.ts:1621:12)
    at Module.load (node:internal/modules/cjs/loader:1465:32)
2025-06-22 12:56:28 error: uncaughtException: Route.get() requires a callback function but got a [object Undefined]
Error: Route.get() requires a callback function but got a [object Undefined]
    at Route.<computed> [as get] (C:\Users\megha\OneDrive\Documents\projects\mmv\mmv_freelance\backend\node_modules\express\lib\router\route.js:216:15)
    at Function.proto.<computed> [as get] (C:\Users\megha\OneDrive\Documents\projects\mmv\mmv_freelance\backend\node_modules\express\lib\router\index.js:521:19)
    at projectstaskRoute.initializeRoutes (C:\Users\megha\OneDrive\Documents\projects\mmv\mmv_freelance\backend\src\routes\projectstask.routes.ts:29:17)
    at new projectstaskRoute (C:\Users\megha\OneDrive\Documents\projects\mmv\mmv_freelance\backend\src\routes\projectstask.routes.ts:16:10)
    at Object.<anonymous> (C:\Users\megha\OneDrive\Documents\projects\mmv\mmv_freelance\backend\src\server.ts:11:41)
    at Module._compile (node:internal/modules/cjs/loader:1730:14)
    at Module.m._compile (C:\Users\megha\OneDrive\Documents\projects\mmv\mmv_freelance\backend\node_modules\ts-node\src\index.ts:1618:23)
    at node:internal/modules/cjs/loader:1895:10
    at Object.require.extensions.<computed> [as .ts] (C:\Users\megha\OneDrive\Documents\projects\mmv\mmv_freelance\backend\node_modules\ts-node\src\index.ts:1621:12)
    at Module.load (node:internal/modules/cjs/loader:1465:32)
